{"/home/travis/build/npmtest/node-npmtest-jdbc/test.js":{"path":"/home/travis/build/npmtest/node-npmtest-jdbc/test.js","s":{"1":2,"2":2,"3":2,"4":2,"5":2,"6":2,"7":2,"8":1,"9":2,"10":2,"11":1,"12":1,"13":1,"14":1,"15":2,"16":2,"17":2,"18":2,"19":1,"20":1,"21":2,"22":2,"23":2,"24":1,"25":1,"26":1,"27":1,"28":1,"29":1,"30":1,"31":1,"32":1,"33":1,"34":1,"35":1,"36":1,"37":1,"38":1,"39":2,"40":2,"41":1,"42":2,"43":2,"44":1,"45":2,"46":2,"47":1,"48":2,"49":2,"50":1,"51":1,"52":1,"53":1,"54":1},"b":{"1":[2,1,1,1],"2":[1,1,1,1],"3":[1,1],"4":[1,1],"5":[1,1],"6":[1,1],"7":[1,1],"8":[1,1],"9":[1,1],"10":[1,1,1],"11":[1,1],"12":[1,1],"13":[1,1],"14":[1,1],"15":[1,1],"16":[1,1],"17":[1,1]},"f":{"1":2,"2":2,"3":2,"4":2,"5":2,"6":1,"7":1,"8":1,"9":2,"10":2,"11":2,"12":2,"13":1},"fnMap":{"1":{"name":"(anonymous_1)","line":12,"loc":{"start":{"line":12,"column":1},"end":{"line":12,"column":13}}},"2":{"name":"(anonymous_2)","line":19,"loc":{"start":{"line":19,"column":5},"end":{"line":19,"column":17}}},"3":{"name":"(anonymous_3)","line":23,"loc":{"start":{"line":23,"column":24},"end":{"line":23,"column":36}}},"4":{"name":"(anonymous_4)","line":61,"loc":{"start":{"line":61,"column":5},"end":{"line":61,"column":17}}},"5":{"name":"(anonymous_5)","line":82,"loc":{"start":{"line":82,"column":5},"end":{"line":82,"column":17}}},"6":{"name":"(anonymous_6)","line":91,"loc":{"start":{"line":91,"column":77},"end":{"line":94,"column":10}}},"7":{"name":"(anonymous_7)","line":112,"loc":{"start":{"line":112,"column":83},"end":{"line":115,"column":10}},"skip":true},"8":{"name":"(anonymous_8)","line":123,"loc":{"start":{"line":123,"column":77},"end":{"line":126,"column":10}},"skip":true},"9":{"name":"(anonymous_9)","line":139,"loc":{"start":{"line":139,"column":12},"end":{"line":139,"column":40}},"skip":true},"10":{"name":"(anonymous_10)","line":147,"loc":{"start":{"line":147,"column":77},"end":{"line":150,"column":10}},"skip":true},"11":{"name":"(anonymous_11)","line":158,"loc":{"start":{"line":158,"column":83},"end":{"line":161,"column":10}},"skip":true},"12":{"name":"(anonymous_12)","line":169,"loc":{"start":{"line":169,"column":79},"end":{"line":172,"column":10}},"skip":true},"13":{"name":"(anonymous_13)","line":180,"loc":{"start":{"line":180,"column":75},"end":{"line":183,"column":10}},"skip":true}},"statementMap":{"1":{"start":{"line":12,"column":0},"end":{"line":195,"column":5}},"2":{"start":{"line":14,"column":4},"end":{"line":14,"column":14}},"3":{"start":{"line":19,"column":4},"end":{"line":56,"column":9}},"4":{"start":{"line":21,"column":8},"end":{"line":21,"column":19}},"5":{"start":{"line":23,"column":8},"end":{"line":35,"column":13}},"6":{"start":{"line":24,"column":12},"end":{"line":34,"column":13}},"7":{"start":{"line":25,"column":16},"end":{"line":28,"column":30}},"8":{"start":{"line":30,"column":16},"end":{"line":33,"column":27}},"9":{"start":{"line":37,"column":8},"end":{"line":39,"column":21}},"10":{"start":{"line":40,"column":8},"end":{"line":53,"column":9}},"11":{"start":{"line":43,"column":12},"end":{"line":46,"column":14}},"12":{"start":{"line":47,"column":12},"end":{"line":47,"column":18}},"13":{"start":{"line":50,"column":12},"end":{"line":51,"column":33}},"14":{"start":{"line":52,"column":12},"end":{"line":52,"column":18}},"15":{"start":{"line":55,"column":8},"end":{"line":55,"column":35}},"16":{"start":{"line":61,"column":4},"end":{"line":63,"column":9}},"17":{"start":{"line":62,"column":8},"end":{"line":62,"column":15}},"18":{"start":{"line":64,"column":4},"end":{"line":77,"column":5}},"19":{"start":{"line":70,"column":8},"end":{"line":70,"column":14}},"20":{"start":{"line":76,"column":8},"end":{"line":76,"column":14}},"21":{"start":{"line":82,"column":4},"end":{"line":84,"column":9}},"22":{"start":{"line":83,"column":8},"end":{"line":83,"column":15}},"23":{"start":{"line":85,"column":4},"end":{"line":194,"column":5}},"24":{"start":{"line":91,"column":8},"end":{"line":99,"column":10}},"25":{"start":{"line":98,"column":12},"end":{"line":98,"column":35}},"26":{"start":{"line":102,"column":8},"end":{"line":104,"column":63}},"27":{"start":{"line":105,"column":8},"end":{"line":105,"column":14}},"28":{"start":{"line":112,"column":8},"end":{"line":121,"column":10},"skip":true},"29":{"start":{"line":119,"column":12},"end":{"line":119,"column":55},"skip":true},"30":{"start":{"line":120,"column":12},"end":{"line":120,"column":48},"skip":true},"31":{"start":{"line":123,"column":8},"end":{"line":136,"column":10},"skip":true},"32":{"start":{"line":130,"column":12},"end":{"line":130,"column":76},"skip":true},"33":{"start":{"line":131,"column":12},"end":{"line":131,"column":73},"skip":true},"34":{"start":{"line":132,"column":12},"end":{"line":132,"column":74},"skip":true},"35":{"start":{"line":133,"column":12},"end":{"line":133,"column":79},"skip":true},"36":{"start":{"line":134,"column":12},"end":{"line":134,"column":25},"skip":true},"37":{"start":{"line":135,"column":12},"end":{"line":135,"column":45},"skip":true},"38":{"start":{"line":138,"column":8},"end":{"line":145,"column":14},"skip":true},"39":{"start":{"line":143,"column":16},"end":{"line":143,"column":29},"skip":true},"40":{"start":{"line":144,"column":16},"end":{"line":144,"column":55},"skip":true},"41":{"start":{"line":147,"column":8},"end":{"line":156,"column":10},"skip":true},"42":{"start":{"line":154,"column":12},"end":{"line":154,"column":25},"skip":true},"43":{"start":{"line":155,"column":12},"end":{"line":155,"column":45},"skip":true},"44":{"start":{"line":158,"column":8},"end":{"line":167,"column":10},"skip":true},"45":{"start":{"line":165,"column":12},"end":{"line":165,"column":25},"skip":true},"46":{"start":{"line":166,"column":12},"end":{"line":166,"column":48},"skip":true},"47":{"start":{"line":169,"column":8},"end":{"line":178,"column":10},"skip":true},"48":{"start":{"line":176,"column":12},"end":{"line":176,"column":25},"skip":true},"49":{"start":{"line":177,"column":12},"end":{"line":177,"column":46},"skip":true},"50":{"start":{"line":180,"column":8},"end":{"line":189,"column":10},"skip":true},"51":{"start":{"line":187,"column":12},"end":{"line":187,"column":94},"skip":true},"52":{"start":{"line":188,"column":12},"end":{"line":188,"column":48},"skip":true},"53":{"start":{"line":192,"column":8},"end":{"line":192,"column":35},"skip":true},"54":{"start":{"line":193,"column":8},"end":{"line":193,"column":14},"skip":true}},"branchMap":{"1":{"line":25,"type":"binary-expr","locations":[{"start":{"line":25,"column":23},"end":{"line":25,"column":62}},{"start":{"line":26,"column":20},"end":{"line":26,"column":70}},{"start":{"line":27,"column":20},"end":{"line":27,"column":71}},{"start":{"line":28,"column":20},"end":{"line":28,"column":29}}]},"2":{"line":30,"type":"binary-expr","locations":[{"start":{"line":30,"column":23},"end":{"line":30,"column":37}},{"start":{"line":31,"column":20},"end":{"line":31,"column":61}},{"start":{"line":32,"column":20},"end":{"line":32,"column":70}},{"start":{"line":33,"column":20},"end":{"line":33,"column":26}}]},"3":{"line":37,"type":"cond-expr","locations":[{"start":{"line":38,"column":14},"end":{"line":38,"column":20}},{"start":{"line":39,"column":14},"end":{"line":39,"column":20}}]},"4":{"line":40,"type":"switch","locations":[{"start":{"line":42,"column":8},"end":{"line":47,"column":18}},{"start":{"line":49,"column":8},"end":{"line":52,"column":18}}]},"5":{"line":44,"type":"binary-expr","locations":[{"start":{"line":44,"column":16},"end":{"line":44,"column":44}},{"start":{"line":44,"column":48},"end":{"line":44,"column":66}}]},"6":{"line":50,"type":"binary-expr","locations":[{"start":{"line":50,"column":21},"end":{"line":50,"column":49}},{"start":{"line":50,"column":53},"end":{"line":50,"column":72}}]},"7":{"line":64,"type":"switch","locations":[{"start":{"line":69,"column":4},"end":{"line":70,"column":14}},{"start":{"line":75,"column":4},"end":{"line":76,"column":14}}]},"8":{"line":85,"type":"switch","locations":[{"start":{"line":90,"column":4},"end":{"line":105,"column":14}},{"start":{"line":111,"column":4},"end":{"line":193,"column":14},"skip":true}]},"9":{"line":91,"type":"binary-expr","locations":[{"start":{"line":91,"column":42},"end":{"line":91,"column":73}},{"start":{"line":91,"column":77},"end":{"line":99,"column":9}}]},"10":{"line":102,"type":"binary-expr","locations":[{"start":{"line":102,"column":18},"end":{"line":102,"column":32}},{"start":{"line":103,"column":12},"end":{"line":103,"column":53}},{"start":{"line":104,"column":12},"end":{"line":104,"column":61}}]},"11":{"line":112,"type":"binary-expr","locations":[{"start":{"line":112,"column":45},"end":{"line":112,"column":79},"skip":true},{"start":{"line":112,"column":83},"end":{"line":121,"column":9},"skip":true}]},"12":{"line":123,"type":"binary-expr","locations":[{"start":{"line":123,"column":42},"end":{"line":123,"column":73},"skip":true},{"start":{"line":123,"column":77},"end":{"line":136,"column":9},"skip":true}]},"13":{"line":138,"type":"binary-expr","locations":[{"start":{"line":138,"column":48},"end":{"line":138,"column":85},"skip":true},{"start":{"line":139,"column":12},"end":{"line":145,"column":13},"skip":true}]},"14":{"line":147,"type":"binary-expr","locations":[{"start":{"line":147,"column":42},"end":{"line":147,"column":73},"skip":true},{"start":{"line":147,"column":77},"end":{"line":156,"column":9},"skip":true}]},"15":{"line":158,"type":"binary-expr","locations":[{"start":{"line":158,"column":45},"end":{"line":158,"column":79},"skip":true},{"start":{"line":158,"column":83},"end":{"line":167,"column":9},"skip":true}]},"16":{"line":169,"type":"binary-expr","locations":[{"start":{"line":169,"column":43},"end":{"line":169,"column":75},"skip":true},{"start":{"line":169,"column":79},"end":{"line":178,"column":9},"skip":true}]},"17":{"line":180,"type":"binary-expr","locations":[{"start":{"line":180,"column":41},"end":{"line":180,"column":71},"skip":true},{"start":{"line":180,"column":75},"end":{"line":189,"column":9},"skip":true}]}},"code":["/* istanbul instrument in package npmtest_jdbc */","/*jslint","    bitwise: true,","    browser: true,","    maxerr: 8,","    maxlen: 96,","    node: true,","    nomen: true,","    regexp: true,","    stupid: true","*/","(function () {","    'use strict';","    var local;","","","","    // run shared js-env code - pre-init","    (function () {","        // init local","        local = {};","        // init modeJs","        local.modeJs = (function () {","            try {","                return typeof navigator.userAgent === 'string' &&","                    typeof document.querySelector('body') === 'object' &&","                    typeof XMLHttpRequest.prototype.open === 'function' &&","                    'browser';","            } catch (errorCaughtBrowser) {","                return module.exports &&","                    typeof process.versions.node === 'string' &&","                    typeof require('http').createServer === 'function' &&","                    'node';","            }","        }());","        // init global","        local.global = local.modeJs === 'browser'","            ? window","            : global;","        switch (local.modeJs) {","        // re-init local from window.local","        case 'browser':","            local = local.global.utility2.objectSetDefault(","                local.global.utility2_rollup || local.global.local,","                local.global.utility2","            );","            break;","        // re-init local from example.js","        case 'node':","            local = (local.global.utility2_rollup || require('utility2'))","                .requireReadme();","            break;","        }","        // export local","        local.global.local = local;","    }());","","","","    // run shared js-env code - function","    (function () {","        return;","    }());","    switch (local.modeJs) {","","","","    // run browser js-env code - function","    case 'browser':","        break;","","","","    // run node js-env code - function","    case 'node':","        break;","    }","","","","    // run shared js-env code - post-init","    (function () {","        return;","    }());","    switch (local.modeJs) {","","","","    // run browser js-env code - post-init","    case 'browser':","        local.testCase_browser_nullCase = local.testCase_browser_nullCase || function (","            options,","            onError","        ) {","        /*","         * this function will test browsers's null-case handling-behavior-behavior","         */","            onError(null, options);","        };","","        // run tests","        local.nop(local.modeTest &&","            document.querySelector('#testRunButton1') &&","            document.querySelector('#testRunButton1').click());","        break;","","","","    // run node js-env code - post-init","    /* istanbul ignore next */","    case 'node':","        local.testCase_buildApidoc_default = local.testCase_buildApidoc_default || function (","            options,","            onError","        ) {","        /*","         * this function will test buildApidoc's default handling-behavior-behavior","         */","            options = { modulePathList: module.paths };","            local.buildApidoc(options, onError);","        };","","        local.testCase_buildApp_default = local.testCase_buildApp_default || function (","            options,","            onError","        ) {","        /*","         * this function will test buildApp's default handling-behavior-behavior","         */","            local.testCase_buildReadme_default(options, local.onErrorThrow);","            local.testCase_buildLib_default(options, local.onErrorThrow);","            local.testCase_buildTest_default(options, local.onErrorThrow);","            local.testCase_buildCustomOrg_default(options, local.onErrorThrow);","            options = [];","            local.buildApp(options, onError);","        };","","        local.testCase_buildCustomOrg_default = local.testCase_buildCustomOrg_default ||","            function (options, onError) {","            /*","             * this function will test buildCustomOrg's default handling-behavior","             */","                options = {};","                local.buildCustomOrg(options, onError);","            };","","        local.testCase_buildLib_default = local.testCase_buildLib_default || function (","            options,","            onError","        ) {","        /*","         * this function will test buildLib's default handling-behavior","         */","            options = {};","            local.buildLib(options, onError);","        };","","        local.testCase_buildReadme_default = local.testCase_buildReadme_default || function (","            options,","            onError","        ) {","        /*","         * this function will test buildReadme's default handling-behavior-behavior","         */","            options = {};","            local.buildReadme(options, onError);","        };","","        local.testCase_buildTest_default = local.testCase_buildTest_default || function (","            options,","            onError","        ) {","        /*","         * this function will test buildTest's default handling-behavior","         */","            options = {};","            local.buildTest(options, onError);","        };","","        local.testCase_webpage_default = local.testCase_webpage_default || function (","            options,","            onError","        ) {","        /*","         * this function will test webpage's default handling-behavior","         */","            options = { modeCoverageMerge: true, url: local.serverLocalHost + '?modeTest=1' };","            local.browserTest(options, onError);","        };","","        // run test-server","        local.testRunServer(local);","        break;","    }","}());",""],"l":{"12":2,"14":2,"19":2,"21":2,"23":2,"24":2,"25":2,"30":1,"37":2,"40":2,"43":1,"47":1,"50":1,"52":1,"55":2,"61":2,"62":2,"64":2,"70":1,"76":1,"82":2,"83":2,"85":2,"91":1,"98":1,"102":1,"105":1,"112":1,"119":1,"120":1,"123":1,"130":1,"131":1,"132":1,"133":1,"134":1,"135":1,"138":1,"143":2,"144":2,"147":1,"154":2,"155":2,"158":1,"165":2,"166":2,"169":1,"176":2,"177":2,"180":1,"187":1,"188":1,"192":1,"193":1}},"/home/travis/build/npmtest/node-npmtest-jdbc/lib.npmtest_jdbc.js":{"path":"/home/travis/build/npmtest/node-npmtest-jdbc/lib.npmtest_jdbc.js","s":{"1":2,"2":2,"3":2,"4":2,"5":2,"6":2,"7":2,"8":1,"9":2,"10":2,"11":2,"12":2,"13":1,"14":1,"15":1,"16":1},"b":{"1":[2,1,1,1],"2":[1,1,1,1],"3":[1,1],"4":[2,2],"5":[1,1]},"f":{"1":2,"2":2,"3":2},"fnMap":{"1":{"name":"(anonymous_1)","line":12,"loc":{"start":{"line":12,"column":1},"end":{"line":12,"column":13}}},"2":{"name":"(anonymous_2)","line":19,"loc":{"start":{"line":19,"column":5},"end":{"line":19,"column":17}}},"3":{"name":"(anonymous_3)","line":23,"loc":{"start":{"line":23,"column":24},"end":{"line":23,"column":36}}}},"statementMap":{"1":{"start":{"line":12,"column":0},"end":{"line":53,"column":5}},"2":{"start":{"line":14,"column":4},"end":{"line":14,"column":14}},"3":{"start":{"line":19,"column":4},"end":{"line":52,"column":9}},"4":{"start":{"line":21,"column":8},"end":{"line":21,"column":19}},"5":{"start":{"line":23,"column":8},"end":{"line":35,"column":13}},"6":{"start":{"line":24,"column":12},"end":{"line":34,"column":13}},"7":{"start":{"line":25,"column":16},"end":{"line":28,"column":30}},"8":{"start":{"line":30,"column":16},"end":{"line":33,"column":27}},"9":{"start":{"line":37,"column":8},"end":{"line":39,"column":21}},"10":{"start":{"line":41,"column":8},"end":{"line":41,"column":54}},"11":{"start":{"line":43,"column":8},"end":{"line":43,"column":49}},"12":{"start":{"line":45,"column":8},"end":{"line":51,"column":9}},"13":{"start":{"line":46,"column":12},"end":{"line":46,"column":55}},"14":{"start":{"line":48,"column":12},"end":{"line":48,"column":35}},"15":{"start":{"line":49,"column":12},"end":{"line":49,"column":49}},"16":{"start":{"line":50,"column":12},"end":{"line":50,"column":43}}},"branchMap":{"1":{"line":25,"type":"binary-expr","locations":[{"start":{"line":25,"column":23},"end":{"line":25,"column":62}},{"start":{"line":26,"column":20},"end":{"line":26,"column":70}},{"start":{"line":27,"column":20},"end":{"line":27,"column":71}},{"start":{"line":28,"column":20},"end":{"line":28,"column":29}}]},"2":{"line":30,"type":"binary-expr","locations":[{"start":{"line":30,"column":23},"end":{"line":30,"column":37}},{"start":{"line":31,"column":20},"end":{"line":31,"column":61}},{"start":{"line":32,"column":20},"end":{"line":32,"column":70}},{"start":{"line":33,"column":20},"end":{"line":33,"column":26}}]},"3":{"line":37,"type":"cond-expr","locations":[{"start":{"line":38,"column":14},"end":{"line":38,"column":20}},{"start":{"line":39,"column":14},"end":{"line":39,"column":20}}]},"4":{"line":41,"type":"binary-expr","locations":[{"start":{"line":41,"column":16},"end":{"line":41,"column":44}},{"start":{"line":41,"column":48},"end":{"line":41,"column":53}}]},"5":{"line":45,"type":"if","locations":[{"start":{"line":45,"column":8},"end":{"line":45,"column":8}},{"start":{"line":45,"column":8},"end":{"line":45,"column":8}}]}},"code":["/* istanbul instrument in package npmtest_jdbc */","/*jslint","    bitwise: true,","    browser: true,","    maxerr: 8,","    maxlen: 96,","    node: true,","    nomen: true,","    regexp: true,","    stupid: true","*/","(function () {","    'use strict';","    var local;","","","","    // run shared js-env code - pre-init","    (function () {","        // init local","        local = {};","        // init modeJs","        local.modeJs = (function () {","            try {","                return typeof navigator.userAgent === 'string' &&","                    typeof document.querySelector('body') === 'object' &&","                    typeof XMLHttpRequest.prototype.open === 'function' &&","                    'browser';","            } catch (errorCaughtBrowser) {","                return module.exports &&","                    typeof process.versions.node === 'string' &&","                    typeof require('http').createServer === 'function' &&","                    'node';","            }","        }());","        // init global","        local.global = local.modeJs === 'browser'","            ? window","            : global;","        // init utility2_rollup","        local = local.global.utility2_rollup || local;","        // init lib","        local.local = local.npmtest_jdbc = local;","        // init exports","        if (local.modeJs === 'browser') {","            local.global.utility2_npmtest_jdbc = local;","        } else {","            module.exports = local;","            module.exports.__dirname = __dirname;","            module.exports.module = module;","        }","    }());","}());",""],"l":{"12":2,"14":2,"19":2,"21":2,"23":2,"24":2,"25":2,"30":1,"37":2,"41":2,"43":2,"45":2,"46":1,"48":1,"49":1,"50":1}},"/home/travis/build/npmtest/node-npmtest-jdbc/example.js":{"path":"/home/travis/build/npmtest/node-npmtest-jdbc/example.js","s":{"1":2,"2":2,"3":2,"4":2,"5":2,"6":2,"7":2,"8":1,"9":2,"10":2,"11":2,"12":2,"13":1,"14":2,"15":2,"16":2,"17":2,"18":2,"19":0,"20":2,"21":1,"22":1,"23":1,"24":1,"25":1,"26":0,"27":0,"28":1,"29":1,"30":2,"31":0,"32":0,"33":0,"34":1,"35":2,"36":2,"37":3,"38":3,"39":3,"40":3,"41":0,"42":3,"43":3,"44":3,"45":1,"46":3,"47":1,"48":1,"49":1,"50":1,"51":1,"52":1,"53":1,"54":1,"55":1,"56":1,"57":0,"58":1,"59":6,"60":6,"61":1,"62":2,"63":0,"64":2,"65":1,"66":1,"67":0,"68":0,"69":0,"70":0,"71":0,"72":0,"73":0,"74":0,"75":0,"76":0,"77":0,"78":0,"79":0,"80":0,"81":0,"82":0,"83":0},"b":{"1":[2,1,1,1],"2":[1,1,1,1],"3":[1,1],"4":[2,2],"5":[1,1],"6":[1,1],"7":[2,0],"8":[2,1,1,1,1,1],"9":[0,2,0],"10":[1,1],"11":[2,1,1],"12":[1,0],"13":[0,2],"14":[2,0,0,0,0,0,0],"15":[0,3],"16":[3,0],"17":[1,1],"18":[0,1],"19":[1,2,0,2],"20":[1,0],"21":[1,1],"22":[0,0],"23":[0,0],"24":[0,0],"25":[0,0],"26":[0,0],"27":[0,0],"28":[0,0]},"f":{"1":2,"2":2,"3":2,"4":2,"5":2,"6":2,"7":3,"8":3,"9":3,"10":1,"11":6,"12":0},"fnMap":{"1":{"name":"(anonymous_1)","line":26,"loc":{"start":{"line":26,"column":1},"end":{"line":26,"column":13}}},"2":{"name":"(anonymous_2)","line":33,"loc":{"start":{"line":33,"column":5},"end":{"line":33,"column":17}}},"3":{"name":"(anonymous_3)","line":37,"loc":{"start":{"line":37,"column":24},"end":{"line":37,"column":36}}},"4":{"name":"(anonymous_4)","line":69,"loc":{"start":{"line":69,"column":31},"end":{"line":69,"column":48}},"skip":true},"5":{"name":"(anonymous_5)","line":78,"loc":{"start":{"line":78,"column":26},"end":{"line":78,"column":45}},"skip":true},"6":{"name":"(anonymous_6)","line":123,"loc":{"start":{"line":123,"column":33},"end":{"line":123,"column":48}},"skip":true},"7":{"name":"(anonymous_7)","line":125,"loc":{"start":{"line":125,"column":27},"end":{"line":125,"column":39}},"skip":true},"8":{"name":"(anonymous_8)","line":133,"loc":{"start":{"line":133,"column":59},"end":{"line":133,"column":74}},"skip":true},"9":{"name":"(anonymous_9)","line":143,"loc":{"start":{"line":143,"column":45},"end":{"line":143,"column":62}},"skip":true},"10":{"name":"(anonymous_10)","line":144,"loc":{"start":{"line":144,"column":73},"end":{"line":144,"column":92}},"skip":true},"11":{"name":"(anonymous_11)","line":272,"loc":{"start":{"line":272,"column":51},"end":{"line":272,"column":77}},"skip":true},"12":{"name":"(anonymous_12)","line":315,"loc":{"start":{"line":315,"column":32},"end":{"line":315,"column":61}},"skip":true}},"statementMap":{"1":{"start":{"line":26,"column":0},"end":{"line":326,"column":5}},"2":{"start":{"line":28,"column":4},"end":{"line":28,"column":14}},"3":{"start":{"line":33,"column":4},"end":{"line":60,"column":9}},"4":{"start":{"line":35,"column":8},"end":{"line":35,"column":19}},"5":{"start":{"line":37,"column":8},"end":{"line":49,"column":13}},"6":{"start":{"line":38,"column":12},"end":{"line":48,"column":13}},"7":{"start":{"line":39,"column":16},"end":{"line":42,"column":30}},"8":{"start":{"line":44,"column":16},"end":{"line":47,"column":27}},"9":{"start":{"line":51,"column":8},"end":{"line":53,"column":21}},"10":{"start":{"line":55,"column":8},"end":{"line":57,"column":45}},"11":{"start":{"line":59,"column":8},"end":{"line":59,"column":35}},"12":{"start":{"line":61,"column":4},"end":{"line":325,"column":5}},"13":{"start":{"line":69,"column":8},"end":{"line":121,"column":10},"skip":true},"14":{"start":{"line":70,"column":12},"end":{"line":88,"column":13},"skip":true},"15":{"start":{"line":76,"column":16},"end":{"line":87,"column":19},"skip":true},"16":{"start":{"line":79,"column":20},"end":{"line":86,"column":21},"skip":true},"17":{"start":{"line":82,"column":24},"end":{"line":82,"column":43},"skip":true},"18":{"start":{"line":83,"column":24},"end":{"line":83,"column":30},"skip":true},"19":{"start":{"line":85,"column":24},"end":{"line":85,"column":49},"skip":true},"20":{"start":{"line":89,"column":12},"end":{"line":107,"column":13},"skip":true},"21":{"start":{"line":92,"column":16},"end":{"line":102,"column":17},"skip":true},"22":{"start":{"line":93,"column":20},"end":{"line":93,"column":86},"skip":true},"23":{"start":{"line":94,"column":20},"end":{"line":95,"column":45},"skip":true},"24":{"start":{"line":96,"column":20},"end":{"line":96,"column":42},"skip":true},"25":{"start":{"line":97,"column":20},"end":{"line":97,"column":48},"skip":true},"26":{"start":{"line":100,"column":20},"end":{"line":100,"column":85},"skip":true},"27":{"start":{"line":101,"column":20},"end":{"line":101,"column":96},"skip":true},"28":{"start":{"line":103,"column":16},"end":{"line":103,"column":22},"skip":true},"29":{"start":{"line":106,"column":16},"end":{"line":106,"column":22},"skip":true},"30":{"start":{"line":108,"column":12},"end":{"line":120,"column":13},"skip":true},"31":{"start":{"line":114,"column":16},"end":{"line":119,"column":17},"skip":true},"32":{"start":{"line":116,"column":20},"end":{"line":116,"column":78},"skip":true},"33":{"start":{"line":118,"column":20},"end":{"line":118,"column":47},"skip":true},"34":{"start":{"line":123,"column":8},"end":{"line":141,"column":11},"skip":true},"35":{"start":{"line":124,"column":12},"end":{"line":124,"column":54},"skip":true},"36":{"start":{"line":125,"column":12},"end":{"line":140,"column":14},"skip":true},"37":{"start":{"line":126,"column":16},"end":{"line":126,"column":28},"skip":true},"38":{"start":{"line":127,"column":16},"end":{"line":127,"column":69},"skip":true},"39":{"start":{"line":128,"column":16},"end":{"line":128,"column":75},"skip":true},"40":{"start":{"line":129,"column":16},"end":{"line":131,"column":17},"skip":true},"41":{"start":{"line":130,"column":20},"end":{"line":130,"column":27},"skip":true},"42":{"start":{"line":133,"column":16},"end":{"line":137,"column":36},"skip":true},"43":{"start":{"line":134,"column":20},"end":{"line":136,"column":55},"skip":true},"44":{"start":{"line":139,"column":16},"end":{"line":139,"column":57},"skip":true},"45":{"start":{"line":143,"column":8},"end":{"line":147,"column":11},"skip":true},"46":{"start":{"line":144,"column":12},"end":{"line":146,"column":15},"skip":true},"47":{"start":{"line":145,"column":16},"end":{"line":145,"column":70},"skip":true},"48":{"start":{"line":149,"column":8},"end":{"line":149,"column":31},"skip":true},"49":{"start":{"line":150,"column":8},"end":{"line":150,"column":14},"skip":true},"50":{"start":{"line":158,"column":8},"end":{"line":158,"column":31},"skip":true},"51":{"start":{"line":160,"column":8},"end":{"line":160,"column":33},"skip":true},"52":{"start":{"line":161,"column":8},"end":{"line":161,"column":37},"skip":true},"53":{"start":{"line":162,"column":8},"end":{"line":162,"column":35},"skip":true},"54":{"start":{"line":164,"column":8},"end":{"line":164,"column":50},"skip":true},"55":{"start":{"line":166,"column":8},"end":{"line":256,"column":2},"skip":true},"56":{"start":{"line":258,"column":8},"end":{"line":286,"column":9},"skip":true},"57":{"start":{"line":259,"column":12},"end":{"line":269,"column":14},"skip":true},"58":{"start":{"line":271,"column":12},"end":{"line":285,"column":19},"skip":true},"59":{"start":{"line":274,"column":20},"end":{"line":274,"column":35},"skip":true},"60":{"start":{"line":275,"column":20},"end":{"line":284,"column":21},"skip":true},"61":{"start":{"line":277,"column":24},"end":{"line":277,"column":64},"skip":true},"62":{"start":{"line":279,"column":24},"end":{"line":279,"column":40},"skip":true},"63":{"start":{"line":281,"column":24},"end":{"line":281,"column":40},"skip":true},"64":{"start":{"line":283,"column":24},"end":{"line":283,"column":39},"skip":true},"65":{"start":{"line":288,"column":8},"end":{"line":290,"column":9},"skip":true},"66":{"start":{"line":289,"column":12},"end":{"line":289,"column":18},"skip":true},"67":{"start":{"line":291,"column":8},"end":{"line":293,"column":54},"skip":true},"68":{"start":{"line":296,"column":8},"end":{"line":301,"column":37},"skip":true},"69":{"start":{"line":303,"column":8},"end":{"line":303,"column":82},"skip":true},"70":{"start":{"line":306,"column":8},"end":{"line":308,"column":9},"skip":true},"71":{"start":{"line":307,"column":12},"end":{"line":307,"column":82},"skip":true},"72":{"start":{"line":310,"column":8},"end":{"line":312,"column":9},"skip":true},"73":{"start":{"line":311,"column":12},"end":{"line":311,"column":18},"skip":true},"74":{"start":{"line":313,"column":8},"end":{"line":313,"column":54},"skip":true},"75":{"start":{"line":314,"column":8},"end":{"line":314,"column":69},"skip":true},"76":{"start":{"line":315,"column":8},"end":{"line":323,"column":36},"skip":true},"77":{"start":{"line":316,"column":12},"end":{"line":316,"column":61},"skip":true},"78":{"start":{"line":317,"column":12},"end":{"line":320,"column":13},"skip":true},"79":{"start":{"line":318,"column":16},"end":{"line":318,"column":75},"skip":true},"80":{"start":{"line":319,"column":16},"end":{"line":319,"column":23},"skip":true},"81":{"start":{"line":321,"column":12},"end":{"line":321,"column":38},"skip":true},"82":{"start":{"line":322,"column":12},"end":{"line":322,"column":27},"skip":true},"83":{"start":{"line":324,"column":8},"end":{"line":324,"column":14},"skip":true}},"branchMap":{"1":{"line":39,"type":"binary-expr","locations":[{"start":{"line":39,"column":23},"end":{"line":39,"column":62}},{"start":{"line":40,"column":20},"end":{"line":40,"column":70}},{"start":{"line":41,"column":20},"end":{"line":41,"column":71}},{"start":{"line":42,"column":20},"end":{"line":42,"column":29}}]},"2":{"line":44,"type":"binary-expr","locations":[{"start":{"line":44,"column":23},"end":{"line":44,"column":37}},{"start":{"line":45,"column":20},"end":{"line":45,"column":61}},{"start":{"line":46,"column":20},"end":{"line":46,"column":70}},{"start":{"line":47,"column":20},"end":{"line":47,"column":26}}]},"3":{"line":51,"type":"cond-expr","locations":[{"start":{"line":52,"column":14},"end":{"line":52,"column":20}},{"start":{"line":53,"column":14},"end":{"line":53,"column":20}}]},"4":{"line":55,"type":"binary-expr","locations":[{"start":{"line":55,"column":16},"end":{"line":55,"column":44}},{"start":{"line":55,"column":49},"end":{"line":57,"column":43}}]},"5":{"line":55,"type":"cond-expr","locations":[{"start":{"line":56,"column":14},"end":{"line":56,"column":48}},{"start":{"line":57,"column":14},"end":{"line":57,"column":43}}]},"6":{"line":61,"type":"switch","locations":[{"start":{"line":68,"column":4},"end":{"line":150,"column":14},"skip":true},{"start":{"line":156,"column":4},"end":{"line":324,"column":14},"skip":true}]},"7":{"line":70,"type":"if","locations":[{"start":{"line":70,"column":12},"end":{"line":70,"column":12},"skip":true},{"start":{"line":70,"column":12},"end":{"line":70,"column":12},"skip":true}]},"8":{"line":70,"type":"binary-expr","locations":[{"start":{"line":70,"column":16},"end":{"line":70,"column":22},"skip":true},{"start":{"line":70,"column":27},"end":{"line":70,"column":32},"skip":true},{"start":{"line":71,"column":20},"end":{"line":71,"column":39},"skip":true},{"start":{"line":72,"column":20},"end":{"line":72,"column":49},"skip":true},{"start":{"line":73,"column":20},"end":{"line":73,"column":58},"skip":true},{"start":{"line":74,"column":20},"end":{"line":74,"column":69},"skip":true}]},"9":{"line":79,"type":"switch","locations":[{"start":{"line":80,"column":20},"end":{"line":80,"column":33},"skip":true},{"start":{"line":81,"column":20},"end":{"line":83,"column":30},"skip":true},{"start":{"line":84,"column":20},"end":{"line":85,"column":49},"skip":true}]},"10":{"line":89,"type":"switch","locations":[{"start":{"line":90,"column":12},"end":{"line":103,"column":22},"skip":true},{"start":{"line":105,"column":12},"end":{"line":106,"column":22},"skip":true}]},"11":{"line":89,"type":"binary-expr","locations":[{"start":{"line":89,"column":20},"end":{"line":89,"column":25},"skip":true},{"start":{"line":89,"column":29},"end":{"line":89,"column":48},"skip":true},{"start":{"line":89,"column":52},"end":{"line":89,"column":74},"skip":true}]},"12":{"line":92,"type":"if","locations":[{"start":{"line":92,"column":16},"end":{"line":92,"column":16},"skip":true},{"start":{"line":92,"column":16},"end":{"line":92,"column":16},"skip":true}]},"13":{"line":108,"type":"if","locations":[{"start":{"line":108,"column":12},"end":{"line":108,"column":12},"skip":true},{"start":{"line":108,"column":12},"end":{"line":108,"column":12},"skip":true}]},"14":{"line":108,"type":"binary-expr","locations":[{"start":{"line":108,"column":16},"end":{"line":108,"column":61},"skip":true},{"start":{"line":108,"column":66},"end":{"line":108,"column":72},"skip":true},{"start":{"line":108,"column":77},"end":{"line":108,"column":82},"skip":true},{"start":{"line":109,"column":20},"end":{"line":109,"column":39},"skip":true},{"start":{"line":110,"column":20},"end":{"line":110,"column":49},"skip":true},{"start":{"line":111,"column":20},"end":{"line":111,"column":58},"skip":true},{"start":{"line":112,"column":20},"end":{"line":112,"column":68},"skip":true}]},"15":{"line":129,"type":"if","locations":[{"start":{"line":129,"column":16},"end":{"line":129,"column":16},"skip":true},{"start":{"line":129,"column":16},"end":{"line":129,"column":16},"skip":true}]},"16":{"line":134,"type":"cond-expr","locations":[{"start":{"line":135,"column":26},"end":{"line":135,"column":29},"skip":true},{"start":{"line":136,"column":26},"end":{"line":136,"column":54},"skip":true}]},"17":{"line":164,"type":"binary-expr","locations":[{"start":{"line":164,"column":27},"end":{"line":164,"column":43},"skip":true},{"start":{"line":164,"column":47},"end":{"line":164,"column":49},"skip":true}]},"18":{"line":258,"type":"if","locations":[{"start":{"line":258,"column":8},"end":{"line":258,"column":8},"skip":true},{"start":{"line":258,"column":8},"end":{"line":258,"column":8},"skip":true}]},"19":{"line":275,"type":"switch","locations":[{"start":{"line":276,"column":20},"end":{"line":277,"column":64},"skip":true},{"start":{"line":278,"column":20},"end":{"line":279,"column":40},"skip":true},{"start":{"line":280,"column":20},"end":{"line":281,"column":40},"skip":true},{"start":{"line":282,"column":20},"end":{"line":283,"column":39},"skip":true}]},"20":{"line":288,"type":"if","locations":[{"start":{"line":288,"column":8},"end":{"line":288,"column":8},"skip":true},{"start":{"line":288,"column":8},"end":{"line":288,"column":8},"skip":true}]},"21":{"line":288,"type":"binary-expr","locations":[{"start":{"line":288,"column":12},"end":{"line":288,"column":40},"skip":true},{"start":{"line":288,"column":44},"end":{"line":288,"column":67},"skip":true}]},"22":{"line":292,"type":"binary-expr","locations":[{"start":{"line":292,"column":12},"end":{"line":292,"column":50},"skip":true},{"start":{"line":293,"column":12},"end":{"line":293,"column":53},"skip":true}]},"23":{"line":297,"type":"binary-expr","locations":[{"start":{"line":297,"column":12},"end":{"line":297,"column":62},"skip":true},{"start":{"line":298,"column":12},"end":{"line":301,"column":36},"skip":true}]},"24":{"line":303,"type":"binary-expr","locations":[{"start":{"line":303,"column":43},"end":{"line":303,"column":75},"skip":true},{"start":{"line":303,"column":79},"end":{"line":303,"column":81},"skip":true}]},"25":{"line":306,"type":"if","locations":[{"start":{"line":306,"column":8},"end":{"line":306,"column":8},"skip":true},{"start":{"line":306,"column":8},"end":{"line":306,"column":8},"skip":true}]},"26":{"line":310,"type":"if","locations":[{"start":{"line":310,"column":8},"end":{"line":310,"column":8},"skip":true},{"start":{"line":310,"column":8},"end":{"line":310,"column":8},"skip":true}]},"27":{"line":313,"type":"binary-expr","locations":[{"start":{"line":313,"column":27},"end":{"line":313,"column":43},"skip":true},{"start":{"line":313,"column":47},"end":{"line":313,"column":53},"skip":true}]},"28":{"line":317,"type":"if","locations":[{"start":{"line":317,"column":12},"end":{"line":317,"column":12},"skip":true},{"start":{"line":317,"column":12},"end":{"line":317,"column":12},"skip":true}]}},"code":["/*","example.js","","quickstart example","","instruction","    1. save this script as example.js","    2. run the shell command:","        $ npm install npmtest-jdbc && PORT=8081 node example.js","    3. play with the browser-demo on http://127.0.0.1:8081","*/","","","","/* istanbul instrument in package npmtest_jdbc */","/*jslint","    bitwise: true,","    browser: true,","    maxerr: 8,","    maxlen: 96,","    node: true,","    nomen: true,","    regexp: true,","    stupid: true","*/","(function () {","    'use strict';","    var local;","","","","    // run shared js-env code - pre-init","    (function () {","        // init local","        local = {};","        // init modeJs","        local.modeJs = (function () {","            try {","                return typeof navigator.userAgent === 'string' &&","                    typeof document.querySelector('body') === 'object' &&","                    typeof XMLHttpRequest.prototype.open === 'function' &&","                    'browser';","            } catch (errorCaughtBrowser) {","                return module.exports &&","                    typeof process.versions.node === 'string' &&","                    typeof require('http').createServer === 'function' &&","                    'node';","            }","        }());","        // init global","        local.global = local.modeJs === 'browser'","            ? window","            : global;","        // init utility2_rollup","        local = local.global.utility2_rollup || (local.modeJs === 'browser'","            ? local.global.utility2_npmtest_jdbc","            : global.utility2_moduleExports);","        // export local","        local.global.local = local;","    }());","    switch (local.modeJs) {","","","","    // post-init","    // run browser js-env code - post-init","    /* istanbul ignore next */","    case 'browser':","        local.testRunBrowser = function (event) {","            if (!event || (event &&","                    event.currentTarget &&","                    event.currentTarget.className &&","                    event.currentTarget.className.includes &&","                    event.currentTarget.className.includes('onreset'))) {","                // reset output","                Array.from(","                    document.querySelectorAll('body > .resettable')","                ).forEach(function (element) {","                    switch (element.tagName) {","                    case 'INPUT':","                    case 'TEXTAREA':","                        element.value = '';","                        break;","                    default:","                        element.textContent = '';","                    }","                });","            }","            switch (event && event.currentTarget && event.currentTarget.id) {","            case 'testRunButton1':","                // show tests","                if (document.querySelector('#testReportDiv1').style.display === 'none') {","                    document.querySelector('#testReportDiv1').style.display = 'block';","                    document.querySelector('#testRunButton1').textContent =","                        'hide internal test';","                    local.modeTest = true;","                    local.testRunDefault(local);","                // hide tests","                } else {","                    document.querySelector('#testReportDiv1').style.display = 'none';","                    document.querySelector('#testRunButton1').textContent = 'run internal test';","                }","                break;","            // custom-case","            default:","                break;","            }","            if (document.querySelector('#inputTextareaEval1') && (!event || (event &&","                    event.currentTarget &&","                    event.currentTarget.className &&","                    event.currentTarget.className.includes &&","                    event.currentTarget.className.includes('oneval')))) {","                // try to eval input-code","                try {","                    /*jslint evil: true*/","                    eval(document.querySelector('#inputTextareaEval1').value);","                } catch (errorCaught) {","                    console.error(errorCaught);","                }","            }","        };","        // log stderr and stdout to #outputTextareaStdout1","        ['error', 'log'].forEach(function (key) {","            console[key + '_original'] = console[key];","            console[key] = function () {","                var element;","                console[key + '_original'].apply(console, arguments);","                element = document.querySelector('#outputTextareaStdout1');","                if (!element) {","                    return;","                }","                // append text to #outputTextareaStdout1","                element.value += Array.from(arguments).map(function (arg) {","                    return typeof arg === 'string'","                        ? arg","                        : JSON.stringify(arg, null, 4);","                }).join(' ') + '\\n';","                // scroll textarea to bottom","                element.scrollTop = element.scrollHeight;","            };","        });","        // init event-handling","        ['change', 'click', 'keyup'].forEach(function (event) {","            Array.from(document.querySelectorAll('.on' + event)).forEach(function (element) {","                element.addEventListener(event, local.testRunBrowser);","            });","        });","        // run tests","        local.testRunBrowser();","        break;","","","","    // run node js-env code - post-init","    /* istanbul ignore next */","    case 'node':","        // export local","        module.exports = local;","        // require modules","        local.fs = require('fs');","        local.http = require('http');","        local.url = require('url');","        // init assets","        local.assetsDict = local.assetsDict || {};","        /* jslint-ignore-begin */","        local.assetsDict['/assets.index.template.html'] = '\\","<!doctype html>\\n\\","<html lang=\"en\">\\n\\","<head>\\n\\","<meta charset=\"UTF-8\">\\n\\","<meta name=\"viewport\" content=\"width=device-width, initial-scale=1\">\\n\\","<title>{{env.npm_package_name}} (v{{env.npm_package_version}})</title>\\n\\","<style>\\n\\","/*csslint\\n\\","    box-sizing: false,\\n\\","    universal-selector: false\\n\\","*/\\n\\","* {\\n\\","    box-sizing: border-box;\\n\\","}\\n\\","body {\\n\\","    background: #dde;\\n\\","    font-family: Arial, Helvetica, sans-serif;\\n\\","    margin: 2rem;\\n\\","}\\n\\","body > * {\\n\\","    margin-bottom: 1rem;\\n\\","}\\n\\",".utility2FooterDiv {\\n\\","    margin-top: 20px;\\n\\","    text-align: center;\\n\\","}\\n\\","</style>\\n\\","<style>\\n\\","/*csslint\\n\\","*/\\n\\","textarea {\\n\\","    font-family: monospace;\\n\\","    height: 10rem;\\n\\","    width: 100%;\\n\\","}\\n\\","textarea[readonly] {\\n\\","    background: #ddd;\\n\\","}\\n\\","</style>\\n\\","</head>\\n\\","<body>\\n\\","<!-- utility2-comment\\n\\","<div id=\"ajaxProgressDiv1\" style=\"background: #d00; height: 2px; left: 0; margin: 0; padding: 0; position: fixed; top: 0; transition: background 0.5s, width 1.5s; width: 25%;\"></div>\\n\\","utility2-comment -->\\n\\","<h1>\\n\\","<!-- utility2-comment\\n\\","    <a\\n\\","        {{#if env.npm_package_homepage}}\\n\\","        href=\"{{env.npm_package_homepage}}\"\\n\\","        {{/if env.npm_package_homepage}}\\n\\","        target=\"_blank\"\\n\\","    >\\n\\","utility2-comment -->\\n\\","        {{env.npm_package_name}} (v{{env.npm_package_version}})\\n\\","<!-- utility2-comment\\n\\","    </a>\\n\\","utility2-comment -->\\n\\","</h1>\\n\\","<h3>{{env.npm_package_description}}</h3>\\n\\","<!-- utility2-comment\\n\\","<h4><a download href=\"assets.app.js\">download standalone app</a></h4>\\n\\","<button class=\"onclick onreset\" id=\"testRunButton1\">run internal test</button><br>\\n\\","<div id=\"testReportDiv1\" style=\"display: none;\"></div>\\n\\","utility2-comment -->\\n\\","\\n\\","\\n\\","\\n\\","<label>stderr and stdout</label>\\n\\","<textarea class=\"resettable\" id=\"outputTextareaStdout1\" readonly></textarea>\\n\\","<!-- utility2-comment\\n\\","{{#if isRollup}}\\n\\","<script src=\"assets.app.js\"></script>\\n\\","{{#unless isRollup}}\\n\\","utility2-comment -->\\n\\","<script src=\"assets.utility2.rollup.js\"></script>\\n\\","<script src=\"jsonp.utility2._stateInit?callback=window.utility2._stateInit\"></script>\\n\\","<script src=\"assets.npmtest_jdbc.rollup.js\"></script>\\n\\","<script src=\"assets.example.js\"></script>\\n\\","<script src=\"assets.test.js\"></script>\\n\\","<!-- utility2-comment\\n\\","{{/if isRollup}}\\n\\","utility2-comment -->\\n\\","<div class=\"utility2FooterDiv\">\\n\\","    [ this app was created with\\n\\","    <a href=\"https://github.com/kaizhu256/node-utility2\" target=\"_blank\">utility2</a>\\n\\","    ]\\n\\","</div>\\n\\","</body>\\n\\","</html>\\n\\","';","        /* jslint-ignore-end */","        if (local.templateRender) {","            local.assetsDict['/'] = local.templateRender(","                local.assetsDict['/assets.index.template.html'],","                {","                    env: local.objectSetDefault(local.env, {","                        npm_package_description: 'the greatest app in the world!',","                        npm_package_name: 'my-app',","                        npm_package_nameAlias: 'my_app',","                        npm_package_version: '0.0.1'","                    })","                }","            );","        } else {","            local.assetsDict['/'] = local.assetsDict['/assets.index.template.html']","                .replace((/\\{\\{env\\.(\\w+?)\\}\\}/g), function (match0, match1) {","                    // jslint-hack","                    String(match0);","                    switch (match1) {","                    case 'npm_package_description':","                        return 'the greatest app in the world!';","                    case 'npm_package_name':","                        return 'my-app';","                    case 'npm_package_nameAlias':","                        return 'my_app';","                    case 'npm_package_version':","                        return '0.0.1';","                    }","                });","        }","        // run the cli","        if (local.global.utility2_rollup || module !== require.main) {","            break;","        }","        local.assetsDict['/assets.example.js'] =","            local.assetsDict['/assets.example.js'] ||","            local.fs.readFileSync(__filename, 'utf8');","        // bug-workaround - long $npm_package_buildCustomOrg","        /* jslint-ignore-begin */","        local.assetsDict['/assets.npmtest_jdbc.rollup.js'] =","            local.assetsDict['/assets.npmtest_jdbc.rollup.js'] ||","            local.fs.readFileSync(","                local.npmtest_jdbc.__dirname + '/lib.npmtest_jdbc.js',","                'utf8'","            ).replace((/^#!/), '//');","        /* jslint-ignore-end */","        local.assetsDict['/favicon.ico'] = local.assetsDict['/favicon.ico'] || '';","        // if $npm_config_timeout_exit exists,","        // then exit this process after $npm_config_timeout_exit ms","        if (Number(process.env.npm_config_timeout_exit)) {","            setTimeout(process.exit, Number(process.env.npm_config_timeout_exit));","        }","        // start server","        if (local.global.utility2_serverHttp1) {","            break;","        }","        process.env.PORT = process.env.PORT || '8081';","        console.error('server starting on port ' + process.env.PORT);","        local.http.createServer(function (request, response) {","            request.urlParsed = local.url.parse(request.url);","            if (local.assetsDict[request.urlParsed.pathname] !== undefined) {","                response.end(local.assetsDict[request.urlParsed.pathname]);","                return;","            }","            response.statusCode = 404;","            response.end();","        }).listen(process.env.PORT);","        break;","    }","}());",""],"l":{"26":2,"28":2,"33":2,"35":2,"37":2,"38":2,"39":2,"44":1,"51":2,"55":2,"59":2,"61":2,"69":1,"70":2,"76":2,"79":2,"82":2,"83":2,"85":1,"89":2,"92":1,"93":1,"94":1,"96":1,"97":1,"100":1,"101":1,"103":1,"106":1,"108":2,"114":1,"116":1,"118":1,"123":1,"124":2,"125":2,"126":3,"127":3,"128":3,"129":3,"130":1,"133":3,"134":3,"139":3,"143":1,"144":3,"145":1,"149":1,"150":1,"158":1,"160":1,"161":1,"162":1,"164":1,"166":1,"258":1,"259":1,"271":1,"274":6,"275":6,"277":1,"279":2,"281":1,"283":2,"288":1,"289":1,"291":1,"296":1,"303":1,"306":1,"307":1,"310":1,"311":1,"313":1,"314":1,"315":1,"316":1,"317":1,"318":1,"319":1,"321":1,"322":1,"324":1}},"/home/travis/build/npmtest/node-npmtest-jdbc/node_modules/jdbc/index.js":{"path":"/home/travis/build/npmtest/node-npmtest-jdbc/node_modules/jdbc/index.js","s":{"1":1},"b":{},"f":{},"fnMap":{},"statementMap":{"1":{"start":{"line":1,"column":0},"end":{"line":1,"column":42}}},"branchMap":{},"code":["module.exports = require(\"./lib/jdbc.js\");",""],"l":{"1":1}},"/home/travis/build/npmtest/node-npmtest-jdbc/node_modules/jdbc/lib/jdbc.js":{"path":"/home/travis/build/npmtest/node-npmtest-jdbc/node_modules/jdbc/lib/jdbc.js","s":{"1":1,"2":1,"3":0,"4":1,"5":1,"6":1},"b":{},"f":{"1":0},"fnMap":{"1":{"name":"JDBC","line":5,"loc":{"start":{"line":5,"column":0},"end":{"line":5,"column":22}}}},"statementMap":{"1":{"start":{"line":3,"column":0},"end":{"line":3,"column":29}},"2":{"start":{"line":5,"column":0},"end":{"line":7,"column":1}},"3":{"start":{"line":6,"column":2},"end":{"line":6,"column":26}},"4":{"start":{"line":9,"column":0},"end":{"line":9,"column":47}},"5":{"start":{"line":10,"column":0},"end":{"line":10,"column":34}},"6":{"start":{"line":12,"column":0},"end":{"line":12,"column":22}}},"branchMap":{},"code":["/* jshint node: true */","\"use strict\";","var Pool = require(\"./pool\");","","function JDBC(config) {","  Pool.call(this, config);","}","","JDBC.prototype = Object.create(Pool.prototype);","JDBC.prototype.constructor = JDBC;","","module.exports = JDBC;",""],"l":{"3":1,"5":1,"6":0,"9":1,"10":1,"12":1}},"/home/travis/build/npmtest/node-npmtest-jdbc/node_modules/jdbc/lib/pool.js":{"path":"/home/travis/build/npmtest/node-npmtest-jdbc/node_modules/jdbc/lib/pool.js","s":{"1":1,"2":1,"3":1,"4":1,"5":1,"6":1,"7":1,"8":1,"9":1,"10":1,"11":1,"12":0,"13":0,"14":0,"15":0,"16":0,"17":0,"18":0,"19":0,"20":1,"21":0,"22":0,"23":0,"24":0,"25":0,"26":0,"27":0,"28":1,"29":0,"30":0,"31":0,"32":0,"33":0,"34":1,"35":0,"36":0,"37":0,"38":0,"39":0,"40":0,"41":0,"42":0,"43":0,"44":0,"45":0,"46":0,"47":0,"48":0,"49":0,"50":0,"51":0,"52":0,"53":0,"54":1,"55":0,"56":0,"57":0,"58":0,"59":0,"60":0,"61":0,"62":0,"63":1,"64":0,"65":0,"66":0,"67":0,"68":0,"69":0,"70":0,"71":1,"72":0,"73":0,"74":0,"75":0,"76":0,"77":0,"78":0,"79":0,"80":0,"81":0,"82":0,"83":0,"84":0,"85":0,"86":0,"87":0,"88":0,"89":0,"90":1,"91":0,"92":0,"93":0,"94":0,"95":0,"96":0,"97":0,"98":0,"99":0,"100":0,"101":0,"102":0,"103":0,"104":0,"105":0,"106":0,"107":0,"108":0,"109":1,"110":0,"111":0,"112":0,"113":0,"114":0,"115":1,"116":0,"117":0,"118":0,"119":0,"120":0,"121":0,"122":0,"123":0,"124":0,"125":1,"126":0,"127":0,"128":0,"129":0,"130":0,"131":0,"132":0,"133":0,"134":0,"135":0,"136":1,"137":0,"138":0,"139":0,"140":0,"141":0,"142":0,"143":0,"144":0,"145":0,"146":0,"147":1},"b":{"1":[1,0],"2":[0,0],"3":[0,0],"4":[0,0],"5":[0,0],"6":[0,0],"7":[0,0],"8":[0,0],"9":[0,0],"10":[0,0],"11":[0,0],"12":[0,0],"13":[0,0],"14":[0,0],"15":[0,0],"16":[0,0],"17":[0,0,0],"18":[0,0],"19":[0,0],"20":[0,0],"21":[0,0],"22":[0,0],"23":[0,0],"24":[0,0],"25":[0,0],"26":[0,0],"27":[0,0],"28":[0,0],"29":[0,0],"30":[0,0],"31":[0,0],"32":[0,0],"33":[0,0],"34":[0,0]},"f":{"1":0,"2":0,"3":0,"4":0,"5":0,"6":0,"7":0,"8":0,"9":0,"10":0,"11":0,"12":0,"13":0,"14":0,"15":0,"16":0,"17":0,"18":0,"19":0,"20":0,"21":0,"22":0,"23":0,"24":0,"25":0,"26":0,"27":0,"28":0},"fnMap":{"1":{"name":"(anonymous_1)","line":17,"loc":{"start":{"line":17,"column":16},"end":{"line":17,"column":38}}},"2":{"name":"(anonymous_2)","line":19,"loc":{"start":{"line":19,"column":23},"end":{"line":19,"column":48}}},"3":{"name":"(anonymous_3)","line":21,"loc":{"start":{"line":21,"column":29},"end":{"line":21,"column":51}}},"4":{"name":"(anonymous_4)","line":28,"loc":{"start":{"line":28,"column":20},"end":{"line":28,"column":64}}},"5":{"name":"(anonymous_5)","line":29,"loc":{"start":{"line":29,"column":31},"end":{"line":29,"column":51}}},"6":{"name":"(anonymous_6)","line":48,"loc":{"start":{"line":48,"column":24},"end":{"line":48,"column":58}}},"7":{"name":"Pool","line":63,"loc":{"start":{"line":63,"column":0},"end":{"line":63,"column":22}}},"8":{"name":"(anonymous_8)","line":65,"loc":{"start":{"line":65,"column":17},"end":{"line":65,"column":35}}},"9":{"name":"(anonymous_9)","line":99,"loc":{"start":{"line":99,"column":17},"end":{"line":99,"column":37}}},"10":{"name":"(anonymous_10)","line":100,"loc":{"start":{"line":100,"column":17},"end":{"line":100,"column":42}}},"11":{"name":"(anonymous_11)","line":116,"loc":{"start":{"line":116,"column":24},"end":{"line":116,"column":43}}},"12":{"name":"(anonymous_12)","line":127,"loc":{"start":{"line":127,"column":28},"end":{"line":127,"column":47}}},"13":{"name":"(anonymous_13)","line":135,"loc":{"start":{"line":135,"column":39},"end":{"line":135,"column":61}}},"14":{"name":"(anonymous_14)","line":139,"loc":{"start":{"line":139,"column":34},"end":{"line":139,"column":48}}},"15":{"name":"(anonymous_15)","line":148,"loc":{"start":{"line":148,"column":35},"end":{"line":148,"column":52}}},"16":{"name":"(anonymous_16)","line":149,"loc":{"start":{"line":149,"column":74},"end":{"line":149,"column":94}}},"17":{"name":"(anonymous_17)","line":152,"loc":{"start":{"line":152,"column":5},"end":{"line":152,"column":26}}},"18":{"name":"(anonymous_18)","line":156,"loc":{"start":{"line":156,"column":20},"end":{"line":156,"column":35}}},"19":{"name":"(anonymous_19)","line":166,"loc":{"start":{"line":166,"column":25},"end":{"line":166,"column":44}}},"20":{"name":"(anonymous_20)","line":197,"loc":{"start":{"line":197,"column":39},"end":{"line":197,"column":50}}},"21":{"name":"closeIdleConnectionsInArray","line":208,"loc":{"start":{"line":208,"column":0},"end":{"line":208,"column":53}}},"22":{"name":"(anonymous_22)","line":217,"loc":{"start":{"line":217,"column":24},"end":{"line":217,"column":38}}},"23":{"name":"(anonymous_23)","line":224,"loc":{"start":{"line":224,"column":25},"end":{"line":224,"column":50}}},"24":{"name":"(anonymous_24)","line":228,"loc":{"start":{"line":228,"column":46},"end":{"line":228,"column":61}}},"25":{"name":"(anonymous_25)","line":243,"loc":{"start":{"line":243,"column":23},"end":{"line":243,"column":42}}},"26":{"name":"(anonymous_26)","line":248,"loc":{"start":{"line":248,"column":4},"end":{"line":248,"column":25}}},"27":{"name":"(anonymous_27)","line":250,"loc":{"start":{"line":250,"column":24},"end":{"line":250,"column":38}}},"28":{"name":"(anonymous_28)","line":258,"loc":{"start":{"line":258,"column":4},"end":{"line":258,"column":15}}}},"statementMap":{"1":{"start":{"line":3,"column":0},"end":{"line":3,"column":26}},"2":{"start":{"line":4,"column":0},"end":{"line":4,"column":31}},"3":{"start":{"line":5,"column":0},"end":{"line":5,"column":27}},"4":{"start":{"line":6,"column":0},"end":{"line":6,"column":31}},"5":{"start":{"line":7,"column":0},"end":{"line":7,"column":36}},"6":{"start":{"line":8,"column":0},"end":{"line":8,"column":41}},"7":{"start":{"line":9,"column":0},"end":{"line":9,"column":33}},"8":{"start":{"line":11,"column":0},"end":{"line":11,"column":31}},"9":{"start":{"line":13,"column":0},"end":{"line":15,"column":1}},"10":{"start":{"line":14,"column":2},"end":{"line":14,"column":26}},"11":{"start":{"line":17,"column":0},"end":{"line":26,"column":2}},"12":{"start":{"line":18,"column":2},"end":{"line":18,"column":18}},"13":{"start":{"line":19,"column":2},"end":{"line":25,"column":5}},"14":{"start":{"line":20,"column":4},"end":{"line":20,"column":39}},"15":{"start":{"line":20,"column":13},"end":{"line":20,"column":39}},"16":{"start":{"line":21,"column":4},"end":{"line":24,"column":7}},"17":{"start":{"line":22,"column":6},"end":{"line":22,"column":41}},"18":{"start":{"line":22,"column":15},"end":{"line":22,"column":41}},"19":{"start":{"line":23,"column":6},"end":{"line":23,"column":65}},"20":{"start":{"line":28,"column":0},"end":{"line":46,"column":2}},"21":{"start":{"line":29,"column":2},"end":{"line":45,"column":5}},"22":{"start":{"line":30,"column":4},"end":{"line":44,"column":5}},"23":{"start":{"line":31,"column":6},"end":{"line":31,"column":27}},"24":{"start":{"line":33,"column":6},"end":{"line":37,"column":8}},"25":{"start":{"line":39,"column":6},"end":{"line":41,"column":7}},"26":{"start":{"line":40,"column":8},"end":{"line":40,"column":48}},"27":{"start":{"line":43,"column":6},"end":{"line":43,"column":37}},"28":{"start":{"line":48,"column":0},"end":{"line":61,"column":2}},"29":{"start":{"line":49,"column":2},"end":{"line":49,"column":46}},"30":{"start":{"line":50,"column":2},"end":{"line":54,"column":4}},"31":{"start":{"line":56,"column":2},"end":{"line":58,"column":3}},"32":{"start":{"line":57,"column":4},"end":{"line":57,"column":44}},"33":{"start":{"line":60,"column":2},"end":{"line":60,"column":17}},"34":{"start":{"line":63,"column":0},"end":{"line":97,"column":1}},"35":{"start":{"line":64,"column":2},"end":{"line":64,"column":25}},"36":{"start":{"line":65,"column":2},"end":{"line":82,"column":13}},"37":{"start":{"line":66,"column":4},"end":{"line":66,"column":57}},"38":{"start":{"line":67,"column":4},"end":{"line":67,"column":38}},"39":{"start":{"line":69,"column":4},"end":{"line":71,"column":5}},"40":{"start":{"line":70,"column":6},"end":{"line":70,"column":56}},"41":{"start":{"line":73,"column":4},"end":{"line":75,"column":5}},"42":{"start":{"line":74,"column":6},"end":{"line":74,"column":46}},"43":{"start":{"line":77,"column":4},"end":{"line":79,"column":5}},"44":{"start":{"line":78,"column":6},"end":{"line":78,"column":54}},"45":{"start":{"line":81,"column":4},"end":{"line":81,"column":22}},"46":{"start":{"line":83,"column":2},"end":{"line":83,"column":64}},"47":{"start":{"line":84,"column":2},"end":{"line":84,"column":66}},"48":{"start":{"line":85,"column":2},"end":{"line":85,"column":66}},"49":{"start":{"line":86,"column":2},"end":{"line":90,"column":4}},"50":{"start":{"line":91,"column":2},"end":{"line":91,"column":71}},"51":{"start":{"line":92,"column":2},"end":{"line":94,"column":4}},"52":{"start":{"line":95,"column":2},"end":{"line":95,"column":18}},"53":{"start":{"line":96,"column":2},"end":{"line":96,"column":22}},"54":{"start":{"line":99,"column":0},"end":{"line":114,"column":2}},"55":{"start":{"line":100,"column":2},"end":{"line":112,"column":10}},"56":{"start":{"line":101,"column":4},"end":{"line":101,"column":28}},"57":{"start":{"line":102,"column":4},"end":{"line":102,"column":37}},"58":{"start":{"line":103,"column":4},"end":{"line":103,"column":41}},"59":{"start":{"line":104,"column":4},"end":{"line":104,"column":39}},"60":{"start":{"line":105,"column":4},"end":{"line":110,"column":7}},"61":{"start":{"line":111,"column":4},"end":{"line":111,"column":17}},"62":{"start":{"line":113,"column":2},"end":{"line":113,"column":13}},"63":{"start":{"line":116,"column":0},"end":{"line":124,"column":2}},"64":{"start":{"line":117,"column":2},"end":{"line":117,"column":18}},"65":{"start":{"line":118,"column":2},"end":{"line":118,"column":18}},"66":{"start":{"line":119,"column":2},"end":{"line":119,"column":39}},"67":{"start":{"line":120,"column":2},"end":{"line":120,"column":42}},"68":{"start":{"line":121,"column":2},"end":{"line":121,"column":43}},"69":{"start":{"line":122,"column":2},"end":{"line":122,"column":48}},"70":{"start":{"line":123,"column":2},"end":{"line":123,"column":25}},"71":{"start":{"line":127,"column":0},"end":{"line":164,"column":2}},"72":{"start":{"line":128,"column":2},"end":{"line":128,"column":18}},"73":{"start":{"line":130,"column":2},"end":{"line":130,"column":38}},"74":{"start":{"line":134,"column":2},"end":{"line":146,"column":3}},"75":{"start":{"line":135,"column":4},"end":{"line":145,"column":7}},"76":{"start":{"line":136,"column":6},"end":{"line":144,"column":7}},"77":{"start":{"line":137,"column":8},"end":{"line":137,"column":29}},"78":{"start":{"line":139,"column":8},"end":{"line":143,"column":11}},"79":{"start":{"line":140,"column":10},"end":{"line":142,"column":11}},"80":{"start":{"line":141,"column":12},"end":{"line":141,"column":33}},"81":{"start":{"line":148,"column":2},"end":{"line":161,"column":5}},"82":{"start":{"line":149,"column":4},"end":{"line":151,"column":7}},"83":{"start":{"line":150,"column":6},"end":{"line":150,"column":22}},"84":{"start":{"line":153,"column":4},"end":{"line":160,"column":5}},"85":{"start":{"line":154,"column":6},"end":{"line":154,"column":27}},"86":{"start":{"line":156,"column":6},"end":{"line":158,"column":9}},"87":{"start":{"line":157,"column":8},"end":{"line":157,"column":30}},"88":{"start":{"line":159,"column":6},"end":{"line":159,"column":28}},"89":{"start":{"line":163,"column":2},"end":{"line":163,"column":35}},"90":{"start":{"line":166,"column":0},"end":{"line":195,"column":2}},"91":{"start":{"line":167,"column":2},"end":{"line":167,"column":18}},"92":{"start":{"line":168,"column":2},"end":{"line":168,"column":18}},"93":{"start":{"line":169,"column":2},"end":{"line":169,"column":31}},"94":{"start":{"line":171,"column":2},"end":{"line":188,"column":3}},"95":{"start":{"line":172,"column":4},"end":{"line":172,"column":30}},"96":{"start":{"line":174,"column":4},"end":{"line":176,"column":5}},"97":{"start":{"line":175,"column":6},"end":{"line":175,"column":43}},"98":{"start":{"line":178,"column":4},"end":{"line":178,"column":33}},"99":{"start":{"line":179,"column":9},"end":{"line":188,"column":3}},"100":{"start":{"line":180,"column":4},"end":{"line":187,"column":5}},"101":{"start":{"line":181,"column":6},"end":{"line":181,"column":87}},"102":{"start":{"line":182,"column":6},"end":{"line":182,"column":35}},"103":{"start":{"line":184,"column":6},"end":{"line":184,"column":25}},"104":{"start":{"line":185,"column":6},"end":{"line":185,"column":18}},"105":{"start":{"line":186,"column":6},"end":{"line":186,"column":27}},"106":{"start":{"line":190,"column":2},"end":{"line":194,"column":3}},"107":{"start":{"line":191,"column":4},"end":{"line":191,"column":62}},"108":{"start":{"line":193,"column":4},"end":{"line":193,"column":25}},"109":{"start":{"line":197,"column":0},"end":{"line":206,"column":2}},"110":{"start":{"line":198,"column":2},"end":{"line":200,"column":3}},"111":{"start":{"line":199,"column":4},"end":{"line":199,"column":11}},"112":{"start":{"line":202,"column":2},"end":{"line":202,"column":18}},"113":{"start":{"line":204,"column":2},"end":{"line":204,"column":57}},"114":{"start":{"line":205,"column":2},"end":{"line":205,"column":61}},"115":{"start":{"line":208,"column":0},"end":{"line":222,"column":1}},"116":{"start":{"line":209,"column":2},"end":{"line":209,"column":34}},"117":{"start":{"line":210,"column":2},"end":{"line":210,"column":35}},"118":{"start":{"line":212,"column":2},"end":{"line":221,"column":3}},"119":{"start":{"line":213,"column":4},"end":{"line":213,"column":24}},"120":{"start":{"line":214,"column":4},"end":{"line":220,"column":5}},"121":{"start":{"line":215,"column":6},"end":{"line":219,"column":7}},"122":{"start":{"line":216,"column":8},"end":{"line":216,"column":104}},"123":{"start":{"line":217,"column":8},"end":{"line":217,"column":43}},"124":{"start":{"line":218,"column":8},"end":{"line":218,"column":27}},"125":{"start":{"line":224,"column":0},"end":{"line":241,"column":2}},"126":{"start":{"line":225,"column":2},"end":{"line":225,"column":18}},"127":{"start":{"line":226,"column":2},"end":{"line":240,"column":3}},"128":{"start":{"line":227,"column":4},"end":{"line":227,"column":25}},"129":{"start":{"line":228,"column":4},"end":{"line":230,"column":7}},"130":{"start":{"line":229,"column":6},"end":{"line":229,"column":32}},"131":{"start":{"line":232,"column":4},"end":{"line":234,"column":5}},"132":{"start":{"line":233,"column":6},"end":{"line":233,"column":43}},"133":{"start":{"line":236,"column":4},"end":{"line":236,"column":29}},"134":{"start":{"line":237,"column":4},"end":{"line":237,"column":26}},"135":{"start":{"line":239,"column":4},"end":{"line":239,"column":53}},"136":{"start":{"line":243,"column":0},"end":{"line":265,"column":2}},"137":{"start":{"line":244,"column":2},"end":{"line":244,"column":18}},"138":{"start":{"line":245,"column":2},"end":{"line":245,"column":48}},"139":{"start":{"line":247,"column":2},"end":{"line":264,"column":4}},"140":{"start":{"line":249,"column":6},"end":{"line":256,"column":7}},"141":{"start":{"line":250,"column":8},"end":{"line":253,"column":11}},"142":{"start":{"line":252,"column":10},"end":{"line":252,"column":17}},"143":{"start":{"line":255,"column":8},"end":{"line":255,"column":15}},"144":{"start":{"line":259,"column":6},"end":{"line":259,"column":22}},"145":{"start":{"line":260,"column":6},"end":{"line":260,"column":26}},"146":{"start":{"line":262,"column":6},"end":{"line":262,"column":17}},"147":{"start":{"line":267,"column":0},"end":{"line":267,"column":22}}},"branchMap":{"1":{"line":13,"type":"if","locations":[{"start":{"line":13,"column":0},"end":{"line":13,"column":0}},{"start":{"line":13,"column":0},"end":{"line":13,"column":0}}]},"2":{"line":20,"type":"if","locations":[{"start":{"line":20,"column":4},"end":{"line":20,"column":4}},{"start":{"line":20,"column":4},"end":{"line":20,"column":4}}]},"3":{"line":22,"type":"if","locations":[{"start":{"line":22,"column":6},"end":{"line":22,"column":6}},{"start":{"line":22,"column":6},"end":{"line":22,"column":6}}]},"4":{"line":30,"type":"if","locations":[{"start":{"line":30,"column":4},"end":{"line":30,"column":4}},{"start":{"line":30,"column":4},"end":{"line":30,"column":4}}]},"5":{"line":36,"type":"cond-expr","locations":[{"start":{"line":36,"column":32},"end":{"line":36,"column":83}},{"start":{"line":36,"column":86},"end":{"line":36,"column":91}}]},"6":{"line":39,"type":"if","locations":[{"start":{"line":39,"column":6},"end":{"line":39,"column":6}},{"start":{"line":39,"column":6},"end":{"line":39,"column":6}}]},"7":{"line":53,"type":"cond-expr","locations":[{"start":{"line":53,"column":28},"end":{"line":53,"column":79}},{"start":{"line":53,"column":82},"end":{"line":53,"column":87}}]},"8":{"line":56,"type":"if","locations":[{"start":{"line":56,"column":2},"end":{"line":56,"column":2}},{"start":{"line":56,"column":2},"end":{"line":56,"column":2}}]},"9":{"line":73,"type":"if","locations":[{"start":{"line":73,"column":4},"end":{"line":73,"column":4}},{"start":{"line":73,"column":4},"end":{"line":73,"column":4}}]},"10":{"line":73,"type":"binary-expr","locations":[{"start":{"line":73,"column":8},"end":{"line":73,"column":19}},{"start":{"line":73,"column":23},"end":{"line":73,"column":71}}]},"11":{"line":77,"type":"if","locations":[{"start":{"line":77,"column":4},"end":{"line":77,"column":4}},{"start":{"line":77,"column":4},"end":{"line":77,"column":4}}]},"12":{"line":77,"type":"binary-expr","locations":[{"start":{"line":77,"column":8},"end":{"line":77,"column":23}},{"start":{"line":77,"column":27},"end":{"line":77,"column":79}}]},"13":{"line":83,"type":"cond-expr","locations":[{"start":{"line":83,"column":41},"end":{"line":83,"column":58}},{"start":{"line":83,"column":61},"end":{"line":83,"column":63}}]},"14":{"line":84,"type":"cond-expr","locations":[{"start":{"line":84,"column":43},"end":{"line":84,"column":61}},{"start":{"line":84,"column":64},"end":{"line":84,"column":65}}]},"15":{"line":85,"type":"cond-expr","locations":[{"start":{"line":85,"column":43},"end":{"line":85,"column":61}},{"start":{"line":85,"column":64},"end":{"line":85,"column":65}}]},"16":{"line":86,"type":"cond-expr","locations":[{"start":{"line":86,"column":39},"end":{"line":86,"column":55}},{"start":{"line":86,"column":58},"end":{"line":90,"column":3}}]},"17":{"line":91,"type":"binary-expr","locations":[{"start":{"line":91,"column":19},"end":{"line":91,"column":43}},{"start":{"line":91,"column":47},"end":{"line":91,"column":61}},{"start":{"line":91,"column":66},"end":{"line":91,"column":70}}]},"18":{"line":92,"type":"cond-expr","locations":[{"start":{"line":92,"column":35},"end":{"line":92,"column":49}},{"start":{"line":92,"column":52},"end":{"line":94,"column":3}}]},"19":{"line":134,"type":"if","locations":[{"start":{"line":134,"column":2},"end":{"line":134,"column":2}},{"start":{"line":134,"column":2},"end":{"line":134,"column":2}}]},"20":{"line":136,"type":"if","locations":[{"start":{"line":136,"column":6},"end":{"line":136,"column":6}},{"start":{"line":136,"column":6},"end":{"line":136,"column":6}}]},"21":{"line":140,"type":"if","locations":[{"start":{"line":140,"column":10},"end":{"line":140,"column":10}},{"start":{"line":140,"column":10},"end":{"line":140,"column":10}}]},"22":{"line":153,"type":"if","locations":[{"start":{"line":153,"column":4},"end":{"line":153,"column":4}},{"start":{"line":153,"column":4},"end":{"line":153,"column":4}}]},"23":{"line":171,"type":"if","locations":[{"start":{"line":171,"column":2},"end":{"line":171,"column":2}},{"start":{"line":171,"column":2},"end":{"line":171,"column":2}}]},"24":{"line":174,"type":"if","locations":[{"start":{"line":174,"column":4},"end":{"line":174,"column":4}},{"start":{"line":174,"column":4},"end":{"line":174,"column":4}}]},"25":{"line":179,"type":"if","locations":[{"start":{"line":179,"column":9},"end":{"line":179,"column":9}},{"start":{"line":179,"column":9},"end":{"line":179,"column":9}}]},"26":{"line":190,"type":"if","locations":[{"start":{"line":190,"column":2},"end":{"line":190,"column":2}},{"start":{"line":190,"column":2},"end":{"line":190,"column":2}}]},"27":{"line":198,"type":"if","locations":[{"start":{"line":198,"column":2},"end":{"line":198,"column":2}},{"start":{"line":198,"column":2},"end":{"line":198,"column":2}}]},"28":{"line":214,"type":"if","locations":[{"start":{"line":214,"column":4},"end":{"line":214,"column":4}},{"start":{"line":214,"column":4},"end":{"line":214,"column":4}}]},"29":{"line":214,"type":"binary-expr","locations":[{"start":{"line":214,"column":8},"end":{"line":214,"column":32}},{"start":{"line":214,"column":36},"end":{"line":214,"column":54}}]},"30":{"line":215,"type":"if","locations":[{"start":{"line":215,"column":6},"end":{"line":215,"column":6}},{"start":{"line":215,"column":6},"end":{"line":215,"column":6}}]},"31":{"line":226,"type":"if","locations":[{"start":{"line":226,"column":2},"end":{"line":226,"column":2}},{"start":{"line":226,"column":2},"end":{"line":226,"column":2}}]},"32":{"line":232,"type":"if","locations":[{"start":{"line":232,"column":4},"end":{"line":232,"column":4}},{"start":{"line":232,"column":4},"end":{"line":232,"column":4}}]},"33":{"line":249,"type":"if","locations":[{"start":{"line":249,"column":6},"end":{"line":249,"column":6}},{"start":{"line":249,"column":6},"end":{"line":249,"column":6}}]},"34":{"line":249,"type":"binary-expr","locations":[{"start":{"line":249,"column":10},"end":{"line":249,"column":34}},{"start":{"line":249,"column":38},"end":{"line":249,"column":56}}]}},"code":["/* jshint node: true */","\"use strict\";","var _ = require('lodash');","var asyncjs = require('async');","var uuid = require('uuid');","var jinst = require(\"./jinst\");","var dm = require('./drivermanager');","var Connection = require('./connection');","var winston = require('winston');","","var java = jinst.getInstance();","","if (!jinst.isJvmCreated()) {","  jinst.addOption(\"-Xrs\");","}","","var keepalive = function(conn, query) {","  var self = this;","  conn.createStatement(function(err, statement) {","    if (err) return winston.error(err);","    statement.execute(query, function(err, result) {","      if (err) return winston.error(err);","      winston.silly(\"%s - Keep-Alive\", new Date().toUTCString());","    });","  });","};","","var addConnection = function(url, props, ka, maxIdle, callback) {","  dm.getConnection(url, props, function(err, conn) {","    if (err) {","      return callback(err);","    } else {","      var connobj = {","        uuid: uuid.v4(),","        conn: new Connection(conn),","        keepalive: ka.enabled ? setInterval(keepalive, ka.interval, conn, ka.query) : false","      };","","      if (maxIdle) {","        connobj.lastIdle = new Date().getTime();","      }","","      return callback(null, connobj);","    }","  });","};","","var addConnectionSync = function(url, props, ka, maxIdle) {","  var conn = dm.getConnectionSync(url, props);","  var connobj = {","    uuid: uuid.v4(),","    conn: new Connection(conn),","    keepalive: ka.enabled ? setInterval(keepalive, ka.interval, conn, ka.query) : false","  };","","  if (maxIdle) {","    connobj.lastIdle = new Date().getTime();","  }","","  return connobj;","};","","function Pool(config) {","  this._url = config.url;","  this._props = (function (config) {","    var Properties = java.import('java.util.Properties');","    var properties = new Properties();","","    for(var name in config.properties) {","      properties.putSync(name, config.properties[name]);","    }","","    if (config.user && properties.getPropertySync('user') === undefined) {","      properties.putSync('user', config.user);","    }","","    if (config.password && properties.getPropertySync('password') === undefined) {","      properties.putSync('password', config.password);","    }","","    return properties;","  })(config);","  this._drivername = config.drivername ? config.drivername : '';","  this._minpoolsize = config.minpoolsize ? config.minpoolsize : 1;","  this._maxpoolsize = config.maxpoolsize ? config.maxpoolsize : 1;","  this._keepalive = config.keepalive ? config.keepalive : {","    interval: 60000,","    query: 'select 1',","    enabled: false","  };","  this._maxidle = (!this._keepalive.enabled && config.maxidle) || null;","  this._logging = config.logging ? config.logging : {","    level: 'error'","  };","  this._pool = [];","  this._reserved = [];","}","","var connStatus = function(acc, pool) {","  _.reduce(pool, function(conns, connobj) {","    var conn = connobj.conn;","    var closed = conn.isClosedSync();","    var readonly = conn.isReadOnlySync();","    var valid = conn.isValidSync(1000);","    conns.push({","      uuid: connobj.uuid,","      closed: closed,","      readonly: readonly,","      valid: valid","    });","    return conns;","  }, acc);","  return acc;","};","","Pool.prototype.status = function(callback) {","  var self = this;","  var status = {};","  status.available = self._pool.length;","  status.reserved = self._reserved.length;","  status.pool = connStatus([], self._pool);","  status.rpool = connStatus([], self._reserved);","  callback(null, status);","};","","","Pool.prototype.initialize = function(callback) {","  var self = this;","","  winston.level = this._logging.level;","","  // If a drivername is supplied, initialize the via the old method,","  // Class.forName()","  if (this._drivername) {","    java.newInstance(this._drivername, function(err, driver) {","      if (err) {","        return callback(err);","      } else {","        dm.registerDriver(driver, function(err) {","          if (err) {","            return callback(err);","          }","        });","      }","    });","  }","","  asyncjs.times(self._minpoolsize, function(n, next){","    addConnection(self._url, self._props, self._keepalive, self._maxidle, function(err, conn) {","      next(err, conn);","    });","  }, function(err, conns) {","    if (err) {","      return callback(err);","    } else {","      _.each(conns, function(conn) {","        self._pool.push(conn);","      });","      return callback(null);","    }","  });","","  jinst.events.emit('initialized');","};","","Pool.prototype.reserve = function(callback) {","  var self = this;","  var conn = null;","  self._closeIdleConnections();","","  if (self._pool.length > 0 ) {","    conn = self._pool.shift();","","    if (conn.lastIdle) {","      conn.lastIdle = new Date().getTime();","    }","","    self._reserved.unshift(conn);","  } else if (self._reserved.length < self._maxpoolsize) {","    try {","      conn = addConnectionSync(self._url, self._props, self._keepalive, self._maxidle);","      self._reserved.unshift(conn);","    } catch (err) {","      winston.error(err);","      conn = null;","      return callback(err);","    }","  }","","  if (conn === null) {","    callback(new Error(\"No more pool connections available\"));","  } else {","    callback(null, conn);","  }","};","","Pool.prototype._closeIdleConnections = function() {","  if (! this._maxidle) {","    return;","  }","","  var self = this;","","  closeIdleConnectionsInArray(self._pool, this._maxidle);","  closeIdleConnectionsInArray(self._reserved, this._maxidle);","};","","function closeIdleConnectionsInArray(array, maxIdle) {","  var time = new Date().getTime();","  var maxLastIdle = time - maxIdle;","","  for (var i = array.length - 1; i >=0; i--) {","    var conn = array[i];","    if (typeof conn === 'object' && conn.conn !== null) {","      if (conn.lastIdle < maxLastIdle) {","        console.log(\"closing connection because it has been idle for \" + (time - conn.lastIdle) + \"ms\");","        conn.conn.close(function(err) { });","        array.splice(i, 1);","      }","    }","  }","}","","Pool.prototype.release = function(conn, callback) {","  var self = this;","  if (typeof conn === 'object') {","    var uuid = conn.uuid;","    self._reserved = _.reject(self._reserved, function(conn) {","      return conn.uuid === uuid;","    });","","    if (conn.lastIdle) {","      conn.lastIdle = new Date().getTime();","    }","","    self._pool.unshift(conn);","    return callback(null);","  } else {","    return callback(new Error(\"INVALID CONNECTION\"));","  }","};","","Pool.prototype.purge = function(callback) {","  var self = this;","  var conns = self._pool.concat(self._reserved);","","  asyncjs.each(conns,","    function(conn, done) {","      if (typeof conn === 'object' && conn.conn !== null) {","        conn.conn.close(function(err) {","          //we don't want to prevent other connections from being closed","          done();","        });","      } else {","        done();","      }","    },","    function() {","      self._pool = [];","      self._reserved = [];","","      callback();","    }","  );","};","","module.exports = Pool;",""],"l":{"3":1,"4":1,"5":1,"6":1,"7":1,"8":1,"9":1,"11":1,"13":1,"14":1,"17":1,"18":0,"19":0,"20":0,"21":0,"22":0,"23":0,"28":1,"29":0,"30":0,"31":0,"33":0,"39":0,"40":0,"43":0,"48":1,"49":0,"50":0,"56":0,"57":0,"60":0,"63":1,"64":0,"65":0,"66":0,"67":0,"69":
[...]
masInPrivilegeDefinitions(function(err, result) {","    if (err) {","      return callback(err);","    }","    return callback(null, result);","  });","};","","/**"," * Retrieves whether a schema name can be used in a procedure call statement."," *"," * @param {Function} callback"," * @returns {Boolean} Via callback: true if so; false otherwise"," */","DatabaseMetaData.prototype.supportsSchemasInProcedureCalls = function(callback) {","  this._dbm.supportsSchemasInProcedureCalls(function(err, result) {","    if (err) {","      return callback(err);","    }","    return callback(null, result);","  });","};","","/**"," * Retrieves whether a schema name can be used in a table definition statement."," *"," * @param {Function} callback"," * @returns {Boolean} Via callback: true if so; false otherwise"," */","DatabaseMetaData.prototype.supportsSchemasInTableDefinitions = function(callback) {","  this._dbm.supportsSchemasInTableDefinitions(function(err, result) {","    if (err) {","      return callback(err);","    }","    return callback(null, result);","  });","};","","/**"," * Retrieves whether this database supports SELECT FOR UPDATE statements."," *"," * @param {Function} callback"," * @returns {Boolean} Via callback: true if so; false otherwise"," */","DatabaseMetaData.prototype.supportsSelectForUpdate = function(callback) {","  this._dbm.supportsSelectForUpdate(function(err, result) {","    if (err) {","      return callback(err);","    }","    return callback(null, result);","  });","};","","/**"," * Retrieves whether this database supports statement pooling."," *"," * @param {Function} callback"," * @returns {Boolean} Via callback: true if so; false otherwise"," */","DatabaseMetaData.prototype.supportsStatementPooling = function(callback) {","  this._dbm.supportsStatementPooling(function(err, result) {","    if (err) {","      return callback(err);","    }","    return callback(null, result);","  });","};","","/**"," * Retrieves whether this database supports invoking user-defined or vendor"," * functions using the stored procedure escape syntax."," *"," * @param {Function} callback"," * @returns {Boolean} Via callback: true if so; false otherwise"," */","DatabaseMetaData.prototype.supportsStoredFunctionsUsingCallSyntax = function(callback) {","  this._dbm.supportsStoredFunctionsUsingCallSyntax(function(err, result) {","    if (err) {","      return callback(err);","    }","    return callback(null, result);","  });","};","","/**"," * Retrieves whether this database supports stored procedure calls that use the"," * stored procedure escape syntax."," *"," * @param {Function} callback"," * @returns {Boolean} Via callback: true if so; false otherwise"," */","DatabaseMetaData.prototype.supportsStoredProcedures = function(callback) {","  this._dbm.supportsStoredProcedures(function(err, result) {","    if (err) {","      return callback(err);","    }","    return callback(null, result);","  });","};","","/**"," * Retrieves whether this database supports subqueries in comparison"," * expressions."," *"," * @param {Function} callback"," * @returns {Boolean} Via callback: true if so; false otherwise"," */","DatabaseMetaData.prototype.supportsSubqueriesInComparisons = function(callback) {","  this._dbm.supportsSubqueriesInComparisons(function(err, result) {","    if (err) {","      return callback(err);","    }","    return callback(null, result);","  });","};","","/**"," * Retrieves whether this database supports subqueries in EXISTS expressions."," *"," * @param {Function} callback"," * @returns {Boolean} Via callback: true if so; false otherwise"," */","DatabaseMetaData.prototype.supportsSubqueriesInExists = function(callback) {","  this._dbm.supportsSubqueriesInExists(function(err, result) {","    if (err) {","      return callback(err);","    }","    return callback(null, result);","  });","};","","/**"," * Retrieves whether this database supports subqueries in IN expressions."," *"," * @param {Function} callback"," * @returns {Boolean} Via callback: true if so; false otherwise"," */","DatabaseMetaData.prototype.supportsSubqueriesInIns = function(callback) {","  this._dbm.supportsSubqueriesInIns(function(err, result) {","    if (err) {","      return callback(err);","    }","    return callback(null, result);","  });","};","","/**"," * Retrieves whether this database supports subqueries in quantified"," * expressions."," *"," * @param {Function} callback"," * @returns {Boolean} Via callback: true if so; false otherwise"," */","DatabaseMetaData.prototype.supportsSubqueriesInQuantifieds = function(callback) {","  this._dbm.supportsSubqueriesInQuantifieds(function(err, result) {","    if (err) {","      return callback(err);","    }","    return callback(null, result);","  });","};","","/**"," * Retrieves whether this database supports table correlation names."," *"," * @param {Function} callback"," * @returns {Boolean} Via callback: true if so; false otherwise"," */","DatabaseMetaData.prototype.supportsTableCorrelationNames = function(callback) {","  this._dbm.supportsTableCorrelationNames(function(err, result) {","    if (err) {","      return callback(err);","    }","    return callback(null, result);","  });","};","","/**"," * Retrieves whether this database supports the given transaction isolation"," * level."," *"," * @param {Number} level - one of the transaction isolation levels defined in java.sql.Connection"," * @param {Function} callback"," * @returns {Boolean} Via callback: true if so, false otherwise"," */","DatabaseMetaData.prototype.supportsTransactionIsolationLevel = function(level, callback) {","  var validParams = _.isInteger(level);","","  if(! validParams) {","    return callback(new Error('INVALID ARGUMENTS'));","  }","","  this._dbm.supportsTransactionIsolationLevel(level, function(err, result) {","    if (err) {","      return callback(err);","    }","    return callback(null, result);","  });","};","","/**"," * Retrieves whether this database supports transactions."," *"," * @param {Function} callback"," * @returns {Boolean} Via callback: true if so; false otherwise"," */","DatabaseMetaData.prototype.supportsTransactions = function(callback) {","  this._dbm.supportsTransactions(function(err, result) {","    if (err) {","      return callback(err);","    }","    return callback(null, result);","  });","};","","/**"," * Retrieves whether this database supports SQL UNION."," *"," * @param {Function} callback"," * @returns {Boolean} Via callback: true if so; false otherwise"," */","DatabaseMetaData.prototype.supportsUnion = function(callback) {","  this._dbm.supportsUnion(function(err, result) {","    if (err) {","      return callback(err);","    }","    return callback(null, result);","  });","};","","/**"," * Retrieves whether this database supports SQL UNION ALL."," *"," * @param {Function} callback"," * @returns {Boolean} Via callback: true if so; false otherwise"," */","DatabaseMetaData.prototype.supportsUnionAll = function(callback) {","  this._dbm.supportsUnionAll(function(err, result) {","    if (err) {","      return callback(err);","    }","    return callback(null, result);","  });","};","","/**"," * Retrieves whether or not a visible row update can be detected by calling the"," * method ResultSet.rowUpdated."," *"," * @param {Number} type - the ResultSet type; one of ResultSet.TYPE_FORWARD_ONLY, ResultSet.TYPE_SCROLL_INSENSITIVE, or ResultSet.TYPE_SCROLL_SENSITIVE"," * @param {Function} callback"," * @returns {Boolean} Via callback: true if changes are detected by the result set type; false otherwise"," */","DatabaseMetaData.prototype.updatesAreDetected = function(type, callback) {","  var validParams = _.isInteger(type);","","  if(! validParams) {","    return callback(new Error('INVALID ARGUMENTS'));","  }","","  this._dbm.updatesAreDetected(type, function(err, result) {","    if (err) {","      return callback(err);","    }","    return callback(null, result);","  });","};","","/**"," * Retrieves whether this database uses a file for each table."," *"," * @param {Function} callback"," * @returns {Boolean} Via callback: true if so; false otherwise"," */","DatabaseMetaData.prototype.usesLocalFilePerTable = function(callback) {","  this._dbm.usesLocalFilePerTable(function(err, result) {","    if (err) {","      return callback(err);","    }","    return callback(null, result);","  });","};","","/**"," * Retrieves whether this database stores tables in a local file."," *"," * @param {Function} callback"," * @returns {Boolean} Via callback: true if so; false otherwise"," */","DatabaseMetaData.prototype.usesLocalFiles = function(callback) {","  this._dbm.usesLocalFiles(function(err, result) {","    if (err) {","      return callback(err);","    }","    return callback(null, result);","  });","};","","jinst.events.once('initialized', function onInitialized() {","  // See https://docs.oracle.com/javase/7/docs/api/java/sql/DatabaseMetaData.html","  // for full documentation for static attributes","  var staticAttrs = [","    'attributeNoNulls', 'attributeNullable', 'attributeNullableUnknown',","    'bestRowNotPseudo', 'bestRowPseudo', 'bestRowSession', 'bestRowTemporary',","    'bestRowTransaction', 'bestRowUnknown', 'columnNoNulls', 'columnNullable',","    'columnNullableUnknown', 'functionColumnIn', 'functionColumnInOut',","    'functionColumnOut', 'functionColumnResult', 'functionColumnUnknown',","    'functionNoNulls', 'functionNoTable', 'functionNullable',","    'functionNullableUnknown', 'functionResultUnknown', 'functionReturn',","    'functionReturnsTable', 'importedKeyCascade',","    'importedKeyInitiallyDeferred', 'importedKeyInitiallyImmediate',","    'importedKeyNoAction', 'importedKeyNotDeferrable', 'importedKeyRestrict',","    'importedKeySetDefault', 'importedKeySetNull', 'procedureColumnIn',","    'procedureColumnInOut', 'procedureColumnOut', 'procedureColumnResult',","    'procedureColumnReturn', 'procedureColumnUnknown', 'procedureNoNulls',","    'procedureNoResult', 'procedureNullable', 'procedureNullableUnknown',","    'procedureResultUnknown', 'procedureReturnsResult', 'sqlStateSQL',","    'sqlStateSQL99', 'sqlStateXOpen', 'tableIndexClustered',","    'tableIndexHashed', 'tableIndexOther', 'tableIndexStatistic', 'typeNoNulls',","    'typeNullable', 'typeNullableUnknown', 'typePredBasic', 'typePredChar',","    'typePredNone', 'typeSearchable', 'versionColumnNotPseudo',","    'versionColumnPseudo', 'versionColumnUnknown',","  ];","","  staticAttrs.forEach(function(attr) {","    DatabaseMetaData[attr] = java.getStaticFieldValue('java.sql.DatabaseMetaData', attr);","  });","});","","module.exports = DatabaseMetaData;",""],"l":{"3":1,"4":1,"5":1,"6":1,"7":1,"9":1,"10":0,"21":1,"22":0,"23":0,"24":0,"25":0,"26":0,"27":0,"30":0,"35":0,"36":0,"39":0,"40":0,"41":0,"43":0,"57":1,"58":0,"65":0,"66":0,"67":0,"68":0,"69":0,"73":0,"74":0,"77":0,"78":0,"79":0,"81":0,"92":1,"93":0,"94":0,"95":0,"97":0,"108":1,"109":0,"110":0,"111":0,"113":0,"124":1,"125":0,"126":0,"127":0,"129":0,"140":1,"141":0,"142":0,"143":0,"145":0,"156":1,"157":0,"158":0,"159":0,"161":0,"173":1,"174":0,"175":0,"176":0,"179":0,"180":0,"181":0,"183":0,"194":1,"195":0,"196":0,"197":0,"199":0,"211":1,"212":0,"213":0,"214":0,"216":0,"231":1,"232":0,"239":0,"240":0,"243":0,"244":0,"245":0,"247":0,"263":1,"264":0,"272":0,"273":0,"276":0,"277":0,"278":0,"280":0,"290":1,"291":0,"292":0,"293":0,"295":0,"306":1,"307":0,"308":0,"309":0,"311":0,"321":1,"322":0,"323":0,"324":0,"326":0,"336":1,"337":0,"338":0,"339":0,"341":0,"355":1,"356":0,"363":0,"364":0,"367":0,"368":0,"369":0,"371":0,"385":1,"386":0,"393":0,"394":0,"397":0,"398":0,"399":0,"401":0,"411":1,"412":0,"413":0,"414":0,"416":0,"434":1,"435":0,"444":0,"445":0,"448":0,"449":0,"450":0,"452":0,"462":1,"463":0,"464":0,"465":0,"467":0,"477":1,"478":0,"479":0,"480":0,"482":0,"492":1,"493":0,"494":0,"495":0,"497":0,"507":1,"508":0,"509":0,"510":0,"512":0,"522":1,"523":0,"524":0,"525":0,"527":0,"537":1,"538":0,"539":0,"540":0,"542":0,"552":1,"553":0,"554":0,"555":0,"557":0,"567":1,"568":0,"569":0,"570":0,"572":0,"582":1,"583":0,"584":0,"585":0,"587":0,"601":1,"602":0,"608":0,"609":0,"612":0,"613":0,"614":0,"616":0,"627":1,"628":0,"629":0,"630":0,"632":0,"647":1,"648":0,"655":0,"656":0,"659":0,"660":0,"661":0,"663":0,"677":1,"678":0,"684":0,"685":0,"688":0,"689":0,"690":0,"692":0,"702":1,"703":0,"704":0,"705":0,"707":0,"722":1,"723":0,"729":0,"730":0,"733":0,"734":0,"735":0,"737":0,"752":1,"753":0,"761":0,"762":0,"765":0,"766":0,"767":0,"769":0,"779":1,"780":0,"781":0,"782":0,"784":0,"794":1,"795":0,"796":0,"797":0,"799":0,"810":1,"811":0,"812":0,"813":0,"815":0,"826":1,"827":0,"828":0,"829":0,"831":0,"842":1,"843":0,"844":0,"845":0,"847":0,"858":1,"859":0,"860":0,"861":0,"863":0,"874":1,"875":0,"876":0,"877":0,"879":0,"889":1,"890":0,"891":0,"892":0,"894":0,"905":1,"906":0,"907":0,"908":0,"910":0,"921":1,"922":0,"923":0,"924":0,"926":0,"936":1,"937":0,"938":0,"939":0,"941":0,"952":1,"953":0,"954":0,"955":0,"957":0,"968":1,"969":0,"970":0,"971":0,"973":0,"984":1,"985":0,"986":0,"987":0,"989":0,"1000":1,"1001":0,"1002":0,"1003":0,"1005":0,"1015":1,"1016":0,"1017":0,"1018":0,"1020":0,"1031":1,"1032":0,"1033":0,"1034":0,"1036":0,"1047":1,"1048":0,"1049":0,"1050":0,"1052":0,"1063":1,"1064":0,"1065":0,"1066":0,"1068":0,"1079":1,"1080":0,"1081":0,"1082":0,"1084":0,"1095":1,"1096":0,"1097":0,"1098":0,"1100":0,"1111":1,"1112":0,"1113":0,"1114":0,"1116":0,"1127":1,"1128":0,"1129":0,"1130":0,"1132":0,"1145":1,"1146":0,"1152":0,"1153":0,"1156":0,"1157":0,"1158":0,"1160":0,"1175":1,"1176":0,"1183":0,"1184":0,"1187":0,"1188":0,"1189":0,"1191":0,"1205":1,"1206":0,"1212":0,"1213":0,"1216":0,"1217":0,"1218":0,"1220":0,"1230":1,"1231":0,"1232":0,"1233":0,"1235":0,"1250":1,"1251":0,"1258":0,"1259":0,"1262":0,"1263":0,"1264":0,"1266":0,"1276":1,"1277":0,"1278":0,"1279":0,"1281":0,"1295":1,"1296":0,"1297":0,"1298":0,"1300":0,"1310":1,"1311":0,"1312":0,"1313":0,"1315":0,"1325":1,"1326":0,"1327":0,"1328":0,"1330":0,"1341":1,"1342":0,"1343":0,"1344":0,"1346":0,"1357":1,"1358":0,"1359":0,"1360":0,"1362":0,"1373":1,"1374":0,"1375":0,"1376":0,"1378":0,"1392":1,"1393":0,"1399":0,"1400":0,"1403":0,"1404":0,"1405":0,"1407":0,"1421":1,"1422":0,"1428":0,"1429":0,"1432":0,"1433":0,"1434":0,"1436":0,"1447":1,"1448":0,"1449":0,"1450":0,"1452":0,"1466":1,"1467":0,"1473":0,"1474":0,"1477":0,"1478":0,"1479":0,"1481":0,"1491":1,"1492":0,"1493":0,"1494":0,"1496":0,"1507":1,"1508":0,"1509":0,"1510":0,"1512":0,"1522":1,"1523":0,"1524":0,"1525":0,"1527":0,"1542":1,"1543":0,"1550":0,"1551":0,"1552":0,"1553":0,"1554":0,"1558":0,"1559":0,"1562":0,"1563":0,"1564":0,"1566":0,"1576":1,"1577":0,"1578":0,"1579":0,"1581":0,"1591":1,"1592":0,"1593":0,"1594":0,"1596":0,"1610":1,"1611":0,"1617":0,"1618":0,"1621":0,"1622":0,"1623":0,"1625":0,"1637":1,"1638":0,"1640":0,"1641":0,"1644":0,"1645":0,"1646":0,"1648":0,"1659":1,"1660":0,"1661":0,"1662":0,"1664":0,"1674":1,"1675":0,"1676":0,"1677":0,"1679":0,"1690":1,"1691":0,"1692":0,"1693":0,"1695":0,"1706":1,"1707":0,"1708":0,"1709":0,"1711":0,"1722":1,"1723":0,"1724":0,"1725":0,"1727":0,"1738":1,"1739":0,"1740":0,"1741":0,"1743":0,"1753":1,"1754":0,"1755":0,"1756":0,"1758":0,"1768":1,"1769":0,"1770":0,"1771":0,"1773":0,"1784":1,"1785":0,"1787":0,"1788":0,"1791":0,"1792":0,"1793":0,"1795":0,"1806":1,"1807":0,"1809":0,"1810":0,"1813":0,"1814":0,"1815":0,"1817":0,"1828":1,"1829":0,"1831":0,"1832":0,"1835":0,"1836":0,"1837":0,"1839":0,"1850":1,"1851":0,"1853":0,"1854":0,"1857":0,"1858":0,"1859":0,"1861":0,"1872":1,"1873":0,"1875":0,"1876":0,"1879":0,"1880":0,"1881":0,"1883":0,"1895":1,"1896":0,"1898":0,"1899":0,"1902":0,"1903":0,"1904":0,"1906":0,"1917":1,"1918":0,"1919":0,"1920":0,"1922":0,"1933":1,"1934":0,"1935":0,"1936":0,"1938":0,"1949":1,"1950":0,"1951":0,"1952":0,"1954":0,"1965":1,"1966":0,"1967":0,"1968":0,"1970":0,"1981":1,"1982":0,"1983":0,"1984":0,"1986":0,"1997":1,"1998":0,"1999":0,"2000":0,"2002":0,"2012":1,"2013":0,"2014":0,"2015":0,"2017":0,"2027":1,"2028":0,"2029":0,"2030":0,"2032":0,"2042":1,"2043":0,"2044":0,"2045":0,"2047":0,"2058":1,"2059":0,"2060":0,"2061":0,"2063":0,"2074":1,"2075":0,"2076":0,"2077":0,"2079":0,"2089":1,"2090":0,"2091":0,"2092":0,"2094":0,"2105":1,"2106":0,"2107":0,"2108":0,"2110":0,"2121":1,"2122":0,"2123":0,"2124":0,"2126":0,"2137":1,"2138":0,"2139":0,"2140":0,"2142":0,"2152":1,"2153":0,"2154":0,"2155":0,"2157":0,"2168":1,"2169":0,"2170":0,"2171":0,"2173":0,"2183":1,"2184":0,"2185":0,"2186":0,"2188":0,"2202":1,"2203":0,"2208":0,"2209":0,"2212":0,"2213":0,"2214":0,"2216":0,"2226":1,"2227":0,"2228":0,"2229":0,"2231":0,"2241":1,"2242":0,"2243":0,"2244":0,"2246":0,"2257":1,"2258":0,"2259":0,"2260":0,"2262":0,"2273":1,"2274":0,"2275":0,"2276":0,"2278":0,"2289":1,"2290":0,"2291":0,"2292":0,"2294":0,"2304":1,"2305":0,"2306":0,"2307":0,"2309":0,"2319":1,"2320":0,"2321":0,"2322":0,"2324":0,"2334":1,"2335":0,"2336":0,"2337":0,"2339":0,"2350":1,"2351":0,"2352":0,"2353":0,"2355":0,"2365":1,"2366":0,"2367":0,"2368":0,"2370":0,"2382":1,"2383":0,"2384":0,"2385":0,"2387":0,"2398":1,"2399":0,"2400":0,"2401":0,"2403":0,"2414":1,"2415":0,"2416":0,"2417":0,"2419":0,"2429":1,"2430":0,"2431":0,"2432":0,"2434":0,"2444":1,"2445":0,"2446":0,"2447":0,"2449":0,"2459":1,"2460":0,"2461":0,"2462":0,"2464":0,"2475":1,"2476":0,"2477":0,"2478":0,"2480":0,"2491":1,"2492":0,"2493":0,"2494":0,"2496":0,"2507":1,"2508":0,"2509":0,"2510":0,"2512":0,"2523":1,"2524":0,"2525":0,"2526":0,"2528":0,"2539":1,"2540":0,"2541":0,"2542":0,"2544":0,"2555":1,"2556":0,"2557":0,"2558":0,"2560":0,"2570":1,"2571":0,"2572":0,"2573":0,"2575":0,"2586":1,"2587":0,"2588":0,"2589":0,"2591":0,"2602":1,"2603":0,"2604":0,"2605":0,"2607":0,"2618":1,"2619":0,"2620":0,"2621":0,"2623":0,"2634":1,"2635":0,"2636":0,"2637":0,"2639":0,"2650":1,"2651":0,"2652":0,"2653":0,"2655":0,"2665":1,"2666":0,"2667":0,"2668":0,"2670":0,"2680":1,"2681":0,"2682":0,"2683":0,"2685":0,"2695":1,"2696":0,"2697":0,"2698":0,"2700":0,"2713":1,"2714":0,"2719":0,"2720":0,"2723":0,"2724":0,"2725":0,"2727":0,"2738":1,"2739":0,"2741":0,"2742":0,"2745":0,"2746":0,"2747":0,"2749":0,"2760":1,"2761":0,"2763":0,"2764":0,"2767":0,"2768":0,"2769":0,"2771":0,"2781":1,"2782":0,"2783":0,"2784":0,"2786":0,"2797":1,"2798":0,"2799":0,"2800":0,"2802":0,"2813":1,"2814":0,"2815":0,"2816":0,"2818":0,"2829":1,"2830":0,"2831":0,"2832":0,"2834":0,"2844":1,"2845":0,"2846":0,"2847":0,"2849":0,"2859":1,"2860":0,"2861":0,"2862":0,"2864":0,"2874":1,"2875":0,"2876":0,"2877":0,"2879":0,"2889":1,"2890":0,"2891":0,"2892":0,"2894":0,"2905":1,"2906":0,"2907":0,"2908":0,"2910":0,"2921":1,"2922":0,"2923":0,"2924":0,"2926":0,"2937":1,"2938":0,"2939":0,"2940":0,"2942":0,"2952":1,"2953":0,"2954":0,"2955":0,"2957":0,"2967":1,"2968":0,"2969":0,"2970":0,"2972":0,"2983":1,"2984":0,"2985":0,"2986":0,"2988":0,"2998":1,"2999":0,"3000":0,"3001":0,"3003":0,"3015":1,"3016":0,"3018":0,"3019":0,"3022":0,"3023":0,"3024":0,"3026":0,"3036":1,"3037":0,"3038":0,"3039":0,"3041":0,"3051":1,"3052":0,"3053":0,"3054":0,"3056":0,"3066":1,"3067":0,"3068":0,"3069":0,"3071":0,"3083":1,"3084":0,"3086":0,"3087":0,"3090":0,"3091":0,"3092":0,"3094":0,"3104":1,"3105":0,"3106":0,"3107":0,"3109":0,"3119":1,"3120":0,"3121":0,"3122":0,"3124":0,"3128":1,"3131":0,"3154":0,"3155":0,"3159":1}},"/home/travis/build/npmtest/node-npmtest-jdbc/node_modules/jdbc/lib/sqlwarning.js":{"path":"/home/travis/build/npmtest/node-npmtest-jdbc/node_modules/jdbc/lib/sqlwarning.js","s":{"1":1,"2":0,"3":1},"b":{},"f":{"1":0},"fnMap":{"1":{"name":"SQLWarning","line":3,"loc":{"start":{"line":3,"column":0},"end":{"line":3,"column":32}}}},"statementMap":{"1":{"start":{"line":3,"column":0},"end":{"line":5,"column":1}},"2":{"start":{"line":4,"column":2},"end":{"line":4,"column":32}},"3":{"start":{"line":7,"column":0},"end":{"line":7,"column":28}}},"branchMap":{},"code":["/* jshint node: true */","\"use strict\";","function SQLWarning(sqlwarning) {","  this._sqlwarning = sqlwarning;","}","","module.exports = SQLWarning;",""],"l":{"3":1,"4":0,"7":1}}}